{"/home/agaibor/code/pi-oracle/extensions/oracle/pages/ai-provider.types.ts": {"path":"/home/agaibor/code/pi-oracle/extensions/oracle/pages/ai-provider.types.ts","statementMap":{},"fnMap":{},"branchMap":{},"s":{},"f":{},"b":{},"meta":{"lastBranch":0,"lastFunction":0,"lastStatement":0,"seen":{}}}
,"/home/agaibor/code/pi-oracle/extensions/oracle/pages/browser-actions.types.ts": {"path":"/home/agaibor/code/pi-oracle/extensions/oracle/pages/browser-actions.types.ts","statementMap":{},"fnMap":{},"branchMap":{},"s":{},"f":{},"b":{},"meta":{"lastBranch":0,"lastFunction":0,"lastStatement":0,"seen":{}}}
,"/home/agaibor/code/pi-oracle/extensions/oracle/pages/chatgpt/chatgpt-auth.actions.ts": {"path":"/home/agaibor/code/pi-oracle/extensions/oracle/pages/chatgpt/chatgpt-auth.actions.ts","statementMap":{"0":{"start":{"line":15,"column":1},"end":{"line":22,"column":null}},"1":{"start":{"line":18,"column":3},"end":{"line":21,"column":null}},"2":{"start":{"line":27,"column":1},"end":{"line":34,"column":null}},"3":{"start":{"line":30,"column":3},"end":{"line":33,"column":null}},"4":{"start":{"line":39,"column":18},"end":{"line":39,"column":46}},"5":{"start":{"line":40,"column":15},"end":{"line":40,"column":67}},"6":{"start":{"line":41,"column":1},"end":{"line":41,"column":null}},"7":{"start":{"line":41,"column":13},"end":{"line":41,"column":null}},"8":{"start":{"line":42,"column":1},"end":{"line":42,"column":null}},"9":{"start":{"line":43,"column":1},"end":{"line":43,"column":null}},"10":{"start":{"line":55,"column":18},"end":{"line":55,"column":46}},"11":{"start":{"line":56,"column":7},"end":{"line":58,"column":null}},"12":{"start":{"line":58,"column":9},"end":{"line":58,"column":null}},"13":{"start":{"line":60,"column":1},"end":{"line":60,"column":null}},"14":{"start":{"line":60,"column":13},"end":{"line":60,"column":null}},"15":{"start":{"line":61,"column":1},"end":{"line":61,"column":null}},"16":{"start":{"line":62,"column":1},"end":{"line":62,"column":null}},"17":{"start":{"line":67,"column":18},"end":{"line":67,"column":46}},"18":{"start":{"line":68,"column":7},"end":{"line":70,"column":null}},"19":{"start":{"line":70,"column":9},"end":{"line":70,"column":null}},"20":{"start":{"line":72,"column":1},"end":{"line":72,"column":null}},"21":{"start":{"line":72,"column":13},"end":{"line":72,"column":null}},"22":{"start":{"line":73,"column":1},"end":{"line":73,"column":null}},"23":{"start":{"line":74,"column":1},"end":{"line":74,"column":null}}},"fnMap":{"0":{"name":"findLoginButton","decl":{"start":{"line":14,"column":16},"end":{"line":14,"column":32}},"loc":{"start":{"line":14,"column":83},"end":{"line":22,"column":null}},"line":14},"1":{"name":"(anonymous_1)","decl":{"start":{"line":16,"column":2},"end":{"line":16,"column":null}},"loc":{"start":{"line":18,"column":3},"end":{"line":21,"column":null}},"line":18},"2":{"name":"findLoginLink","decl":{"start":{"line":26,"column":16},"end":{"line":26,"column":30}},"loc":{"start":{"line":26,"column":81},"end":{"line":34,"column":null}},"line":26},"3":{"name":"(anonymous_3)","decl":{"start":{"line":28,"column":2},"end":{"line":28,"column":null}},"loc":{"start":{"line":30,"column":3},"end":{"line":33,"column":null}},"line":30},"4":{"name":"clickLogin","decl":{"start":{"line":38,"column":22},"end":{"line":38,"column":33}},"loc":{"start":{"line":38,"column":76},"end":{"line":43,"column":null}},"line":38},"5":{"name":"clickAccountChooser","decl":{"start":{"line":51,"column":22},"end":{"line":51,"column":null}},"loc":{"start":{"line":54,"column":20},"end":{"line":62,"column":null}},"line":54},"6":{"name":"(anonymous_6)","decl":{"start":{"line":57,"column":2},"end":{"line":57,"column":null}},"loc":{"start":{"line":58,"column":9},"end":{"line":58,"column":null}},"line":58},"7":{"name":"clickLoginCta","decl":{"start":{"line":66,"column":22},"end":{"line":66,"column":36}},"loc":{"start":{"line":66,"column":79},"end":{"line":74,"column":null}},"line":66},"8":{"name":"(anonymous_8)","decl":{"start":{"line":69,"column":2},"end":{"line":69,"column":null}},"loc":{"start":{"line":70,"column":9},"end":{"line":70,"column":null}},"line":70}},"branchMap":{"0":{"loc":{"start":{"line":18,"column":3},"end":{"line":21,"column":null}},"type":"binary-expr","locations":[{"start":{"line":18,"column":3},"end":{"line":18,"column":null}},{"start":{"line":19,"column":3},"end":{"line":19,"column":null}},{"start":{"line":19,"column":7},"end":{"line":20,"column":43}},{"start":{"line":21,"column":3},"end":{"line":21,"column":null}}],"line":18},"1":{"loc":{"start":{"line":30,"column":3},"end":{"line":33,"column":null}},"type":"binary-expr","locations":[{"start":{"line":30,"column":3},"end":{"line":30,"column":null}},{"start":{"line":31,"column":3},"end":{"line":31,"column":null}},{"start":{"line":32,"column":3},"end":{"line":32,"column":68}},{"start":{"line":33,"column":3},"end":{"line":33,"column":null}}],"line":30},"2":{"loc":{"start":{"line":40,"column":15},"end":{"line":40,"column":67}},"type":"binary-expr","locations":[{"start":{"line":40,"column":15},"end":{"line":40,"column":40}},{"start":{"line":40,"column":44},"end":{"line":40,"column":67}}],"line":40},"3":{"loc":{"start":{"line":41,"column":1},"end":{"line":41,"column":null}},"type":"if","locations":[{"start":{"line":41,"column":1},"end":{"line":41,"column":null}},{"start":{},"end":{}}],"line":41},"4":{"loc":{"start":{"line":58,"column":9},"end":{"line":58,"column":null}},"type":"binary-expr","locations":[{"start":{"line":58,"column":9},"end":{"line":58,"column":32}},{"start":{"line":58,"column":32},"end":{"line":58,"column":59}},{"start":{"line":58,"column":59},"end":{"line":58,"column":null}}],"line":58},"5":{"loc":{"start":{"line":60,"column":1},"end":{"line":60,"column":null}},"type":"if","locations":[{"start":{"line":60,"column":1},"end":{"line":60,"column":null}},{"start":{},"end":{}}],"line":60},"6":{"loc":{"start":{"line":70,"column":9},"end":{"line":70,"column":null}},"type":"binary-expr","locations":[{"start":{"line":70,"column":9},"end":{"line":70,"column":32}},{"start":{"line":70,"column":20},"end":{"line":70,"column":72}},{"start":{"line":70,"column":76},"end":{"line":70,"column":null}}],"line":70},"7":{"loc":{"start":{"line":72,"column":1},"end":{"line":72,"column":null}},"type":"if","locations":[{"start":{"line":72,"column":1},"end":{"line":72,"column":null}},{"start":{},"end":{}}],"line":72}},"s":{"0":0,"1":0,"2":0,"3":0,"4":0,"5":0,"6":0,"7":0,"8":0,"9":0,"10":0,"11":0,"12":0,"13":0,"14":0,"15":0,"16":0,"17":0,"18":0,"19":0,"20":0,"21":0,"22":0,"23":0},"f":{"0":0,"1":0,"2":0,"3":0,"4":0,"5":0,"6":0,"7":0,"8":0},"b":{"0":[0,0,0,0],"1":[0,0,0,0],"2":[0,0],"3":[0,0],"4":[0,0,0],"5":[0,0],"6":[0,0,0],"7":[0,0]},"meta":{"lastBranch":8,"lastFunction":9,"lastStatement":24,"seen":{"f:14:16:14:32":0,"s:15:1:22:Infinity":0,"f:16:2:16:Infinity":1,"s:18:3:21:Infinity":1,"b:18:3:18:Infinity:19:3:19:Infinity:19:7:20:43:21:3:21:Infinity":0,"f:26:16:26:30":2,"s:27:1:34:Infinity":2,"f:28:2:28:Infinity":3,"s:30:3:33:Infinity":3,"b:30:3:30:Infinity:31:3:31:Infinity:32:3:32:68:33:3:33:Infinity":1,"f:38:22:38:33":4,"s:39:18:39:46":4,"s:40:15:40:67":5,"b:40:15:40:40:40:44:40:67":2,"b:41:1:41:Infinity:undefined:undefined:undefined:undefined":3,"s:41:1:41:Infinity":6,"s:41:13:41:Infinity":7,"s:42:1:42:Infinity":8,"s:43:1:43:Infinity":9,"f:51:22:51:Infinity":5,"s:55:18:55:46":10,"s:56:7:58:Infinity":11,"f:57:2:57:Infinity":6,"s:58:9:58:Infinity":12,"b:58:9:58:32:58:32:58:59:58:59:58:Infinity":4,"b:60:1:60:Infinity:undefined:undefined:undefined:undefined":5,"s:60:1:60:Infinity":13,"s:60:13:60:Infinity":14,"s:61:1:61:Infinity":15,"s:62:1:62:Infinity":16,"f:66:22:66:36":7,"s:67:18:67:46":17,"s:68:7:70:Infinity":18,"f:69:2:69:Infinity":8,"s:70:9:70:Infinity":19,"b:70:9:70:32:70:20:70:72:70:76:70:Infinity":6,"b:72:1:72:Infinity:undefined:undefined:undefined:undefined":7,"s:72:1:72:Infinity":20,"s:72:13:72:Infinity":21,"s:73:1:73:Infinity":22,"s:74:1:74:Infinity":23}}}
,"/home/agaibor/code/pi-oracle/extensions/oracle/pages/chatgpt/chatgpt-auth.assertions.ts": {"path":"/home/agaibor/code/pi-oracle/extensions/oracle/pages/chatgpt/chatgpt-auth.assertions.ts","statementMap":{"0":{"start":{"line":15,"column":1},"end":{"line":17,"column":null}},"1":{"start":{"line":23,"column":7},"end":{"line":23,"column":47}},"2":{"start":{"line":24,"column":1},"end":{"line":29,"column":null}},"3":{"start":{"line":25,"column":3},"end":{"line":28,"column":43}},"4":{"start":{"line":34,"column":24},"end":{"line":38,"column":null}},"5":{"start":{"line":39,"column":1},"end":{"line":41,"column":null}},"6":{"start":{"line":40,"column":9},"end":{"line":40,"column":70}},"7":{"start":{"line":50,"column":1},"end":{"line":51,"column":null}},"8":{"start":{"line":51,"column":2},"end":{"line":51,"column":null}},"9":{"start":{"line":51,"column":26},"end":{"line":51,"column":null}},"10":{"start":{"line":53,"column":1},"end":{"line":53,"column":null}},"11":{"start":{"line":58,"column":1},"end":{"line":59,"column":null}},"12":{"start":{"line":59,"column":2},"end":{"line":59,"column":null}},"13":{"start":{"line":59,"column":26},"end":{"line":59,"column":null}},"14":{"start":{"line":61,"column":1},"end":{"line":61,"column":null}},"15":{"start":{"line":70,"column":1},"end":{"line":70,"column":null}},"16":{"start":{"line":75,"column":1},"end":{"line":75,"column":null}},"17":{"start":{"line":75,"column":44},"end":{"line":75,"column":null}},"18":{"start":{"line":76,"column":11},"end":{"line":76,"column":null}},"19":{"start":{"line":77,"column":1},"end":{"line":87,"column":null}}},"fnMap":{"0":{"name":"isOnAuthPage","decl":{"start":{"line":14,"column":16},"end":{"line":14,"column":29}},"loc":{"start":{"line":14,"column":51},"end":{"line":17,"column":null}},"line":14},"1":{"name":"hasLoginCta","decl":{"start":{"line":22,"column":16},"end":{"line":22,"column":28}},"loc":{"start":{"line":22,"column":55},"end":{"line":29,"column":null}},"line":22},"2":{"name":"(anonymous_2)","decl":{"start":{"line":24,"column":16},"end":{"line":24,"column":null}},"loc":{"start":{"line":25,"column":3},"end":{"line":28,"column":43}},"line":25},"3":{"name":"hasComposer","decl":{"start":{"line":33,"column":16},"end":{"line":33,"column":28}},"loc":{"start":{"line":33,"column":55},"end":{"line":41,"column":null}},"line":33},"4":{"name":"(anonymous_4)","decl":{"start":{"line":39,"column":39},"end":{"line":39,"column":null}},"loc":{"start":{"line":40,"column":9},"end":{"line":40,"column":70}},"line":40},"5":{"name":"detectChallenge","decl":{"start":{"line":49,"column":16},"end":{"line":49,"column":32}},"loc":{"start":{"line":49,"column":84},"end":{"line":53,"column":null}},"line":49},"6":{"name":"detectOutage","decl":{"start":{"line":57,"column":16},"end":{"line":57,"column":29}},"loc":{"start":{"line":57,"column":81},"end":{"line":61,"column":null}},"line":57},"7":{"name":"getLoginProbeScript","decl":{"start":{"line":69,"column":16},"end":{"line":69,"column":36}},"loc":{"start":{"line":69,"column":70},"end":{"line":70,"column":null}},"line":69},"8":{"name":"parseLoginProbeResult","decl":{"start":{"line":74,"column":16},"end":{"line":74,"column":38}},"loc":{"start":{"line":74,"column":80},"end":{"line":87,"column":null}},"line":74}},"branchMap":{"0":{"loc":{"start":{"line":16,"column":2},"end":{"line":17,"column":62}},"type":"binary-expr","locations":[{"start":{"line":16,"column":2},"end":{"line":16,"column":52}},{"start":{"line":17,"column":2},"end":{"line":17,"column":62}}],"line":16},"1":{"loc":{"start":{"line":25,"column":3},"end":{"line":28,"column":43}},"type":"binary-expr","locations":[{"start":{"line":26,"column":4},"end":{"line":26,"column":27}},{"start":{"line":26,"column":27},"end":{"line":26,"column":null}},{"start":{"line":27,"column":3},"end":{"line":27,"column":null}},{"start":{"line":27,"column":7},"end":{"line":28,"column":43}}],"line":25},"2":{"loc":{"start":{"line":40,"column":9},"end":{"line":40,"column":70}},"type":"binary-expr","locations":[{"start":{"line":40,"column":9},"end":{"line":40,"column":33}},{"start":{"line":40,"column":20},"end":{"line":40,"column":70}}],"line":40},"3":{"loc":{"start":{"line":51,"column":2},"end":{"line":51,"column":null}},"type":"if","locations":[{"start":{"line":51,"column":2},"end":{"line":51,"column":null}},{"start":{},"end":{}}],"line":51},"4":{"loc":{"start":{"line":59,"column":2},"end":{"line":59,"column":null}},"type":"if","locations":[{"start":{"line":59,"column":2},"end":{"line":59,"column":null}},{"start":{},"end":{}}],"line":59},"5":{"loc":{"start":{"line":69,"column":36},"end":{"line":69,"column":70}},"type":"default-arg","locations":[{"start":{"line":69,"column":56},"end":{"line":69,"column":70}}],"line":69},"6":{"loc":{"start":{"line":75,"column":1},"end":{"line":75,"column":null}},"type":"if","locations":[{"start":{"line":75,"column":1},"end":{"line":75,"column":null}},{"start":{},"end":{}}],"line":75},"7":{"loc":{"start":{"line":75,"column":5},"end":{"line":75,"column":44}},"type":"binary-expr","locations":[{"start":{"line":75,"column":5},"end":{"line":75,"column":16}},{"start":{"line":75,"column":16},"end":{"line":75,"column":44}}],"line":75},"8":{"loc":{"start":{"line":79,"column":10},"end":{"line":79,"column":null}},"type":"cond-expr","locations":[{"start":{"line":79,"column":41},"end":{"line":79,"column":52}},{"start":{"line":79,"column":52},"end":{"line":79,"column":null}}],"line":79},"9":{"loc":{"start":{"line":80,"column":11},"end":{"line":80,"column":null}},"type":"cond-expr","locations":[{"start":{"line":80,"column":43},"end":{"line":80,"column":55}},{"start":{"line":80,"column":55},"end":{"line":80,"column":null}}],"line":80},"10":{"loc":{"start":{"line":83,"column":9},"end":{"line":83,"column":null}},"type":"cond-expr","locations":[{"start":{"line":83,"column":39},"end":{"line":83,"column":49}},{"start":{"line":83,"column":49},"end":{"line":83,"column":null}}],"line":83},"11":{"loc":{"start":{"line":84,"column":12},"end":{"line":84,"column":55}},"type":"cond-expr","locations":[{"start":{"line":84,"column":40},"end":{"line":84,"column":53}},{"start":{"line":84,"column":53},"end":{"line":84,"column":55}}],"line":84}},"s":{"0":5,"1":2,"2":2,"3":10,"4":2,"5":2,"6":2,"7":5,"8":16,"9":4,"10":1,"11":5,"12":15,"13":4,"14":1,"15":3,"16":6,"17":4,"18":2,"19":2},"f":{"0":5,"1":2,"2":10,"3":2,"4":2,"5":5,"6":5,"7":3,"8":6},"b":{"0":[5,4],"1":[10,7,7,7],"2":[2,2],"3":[4,12],"4":[4,11],"5":[3],"6":[4,2],"7":[6,4],"8":[2,0],"9":[1,1],"10":[1,1],"11":[2,0]},"meta":{"lastBranch":12,"lastFunction":9,"lastStatement":20,"seen":{"f:14:16:14:29":0,"s:15:1:17:Infinity":0,"b:16:2:16:52:17:2:17:62":0,"f:22:16:22:28":1,"s:23:7:23:47":1,"s:24:1:29:Infinity":2,"f:24:16:24:Infinity":2,"s:25:3:28:43":3,"b:26:4:26:27:26:27:26:Infinity:27:3:27:Infinity:27:7:28:43":1,"f:33:16:33:28":3,"s:34:24:38:Infinity":4,"s:39:1:41:Infinity":5,"f:39:39:39:Infinity":4,"s:40:9:40:70":6,"b:40:9:40:33:40:20:40:70":2,"f:49:16:49:32":5,"s:50:1:51:Infinity":7,"b:51:2:51:Infinity:undefined:undefined:undefined:undefined":3,"s:51:2:51:Infinity":8,"s:51:26:51:Infinity":9,"s:53:1:53:Infinity":10,"f:57:16:57:29":6,"s:58:1:59:Infinity":11,"b:59:2:59:Infinity:undefined:undefined:undefined:undefined":4,"s:59:2:59:Infinity":12,"s:59:26:59:Infinity":13,"s:61:1:61:Infinity":14,"f:69:16:69:36":7,"b:69:56:69:70":5,"s:70:1:70:Infinity":15,"f:74:16:74:38":8,"b:75:1:75:Infinity:undefined:undefined:undefined:undefined":6,"s:75:1:75:Infinity":16,"b:75:5:75:16:75:16:75:44":7,"s:75:44:75:Infinity":17,"s:76:11:76:Infinity":18,"s:77:1:87:Infinity":19,"b:79:41:79:52:79:52:79:Infinity":8,"b:80:43:80:55:80:55:80:Infinity":9,"b:83:39:83:49:83:49:83:Infinity":10,"b:84:40:84:53:84:53:84:55":11}}}
,"/home/agaibor/code/pi-oracle/extensions/oracle/pages/chatgpt/chatgpt-auth.selectors.ts": {"path":"/home/agaibor/code/pi-oracle/extensions/oracle/pages/chatgpt/chatgpt-auth.selectors.ts","statementMap":{"0":{"start":{"line":5,"column":30},"end":{"line":21,"column":null}},"1":{"start":{"line":23,"column":27},"end":{"line":38,"column":null}},"2":{"start":{"line":44,"column":54},"end":{"line":50,"column":null}},"3":{"start":{"line":52,"column":51},"end":{"line":58,"column":null}},"4":{"start":{"line":65,"column":1},"end":{"line":65,"column":null}},"5":{"start":{"line":65,"column":14},"end":{"line":65,"column":null}},"6":{"start":{"line":66,"column":20},"end":{"line":66,"column":47}},"7":{"start":{"line":67,"column":1},"end":{"line":67,"column":null}},"8":{"start":{"line":67,"column":31},"end":{"line":67,"column":67}}},"fnMap":{"0":{"name":"labelMatches","decl":{"start":{"line":64,"column":16},"end":{"line":64,"column":29}},"loc":{"start":{"line":64,"column":97},"end":{"line":67,"column":null}},"line":64},"1":{"name":"(anonymous_1)","decl":{"start":{"line":67,"column":19},"end":{"line":67,"column":25}},"loc":{"start":{"line":67,"column":31},"end":{"line":67,"column":67}},"line":67}},"branchMap":{"0":{"loc":{"start":{"line":65,"column":1},"end":{"line":65,"column":null}},"type":"if","locations":[{"start":{"line":65,"column":1},"end":{"line":65,"column":null}},{"start":{},"end":{}}],"line":65}},"s":{"0":1,"1":1,"2":1,"3":1,"4":9,"5":0,"6":9,"7":9,"8":41},"f":{"0":9,"1":41},"b":{"0":[0,9]},"meta":{"lastBranch":1,"lastFunction":2,"lastStatement":9,"seen":{"s:5:30:21:Infinity":0,"s:23:27:38:Infinity":1,"s:44:54:50:Infinity":2,"s:52:51:58:Infinity":3,"f:64:16:64:29":0,"b:65:1:65:Infinity:undefined:undefined:undefined:undefined":0,"s:65:1:65:Infinity":4,"s:65:14:65:Infinity":5,"s:66:20:66:47":6,"s:67:1:67:Infinity":7,"f:67:19:67:25":1,"s:67:31:67:67":8}}}
,"/home/agaibor/code/pi-oracle/extensions/oracle/pages/chatgpt/chatgpt.actions.ts": {"path":"/home/agaibor/code/pi-oracle/extensions/oracle/pages/chatgpt/chatgpt.actions.ts","statementMap":{"0":{"start":{"line":18,"column":7},"end":{"line":18,"column":47}},"1":{"start":{"line":19,"column":1},"end":{"line":19,"column":null}},"2":{"start":{"line":28,"column":18},"end":{"line":28,"column":46}},"3":{"start":{"line":29,"column":15},"end":{"line":29,"column":77}},"4":{"start":{"line":30,"column":1},"end":{"line":30,"column":null}},"5":{"start":{"line":30,"column":13},"end":{"line":30,"column":null}},"6":{"start":{"line":31,"column":1},"end":{"line":31,"column":null}},"7":{"start":{"line":36,"column":16},"end":{"line":46,"column":null}},"8":{"start":{"line":47,"column":1},"end":{"line":47,"column":null}},"9":{"start":{"line":56,"column":18},"end":{"line":56,"column":46}},"10":{"start":{"line":57,"column":15},"end":{"line":57,"column":72}},"11":{"start":{"line":58,"column":1},"end":{"line":58,"column":null}},"12":{"start":{"line":58,"column":13},"end":{"line":58,"column":null}},"13":{"start":{"line":59,"column":1},"end":{"line":59,"column":null}},"14":{"start":{"line":68,"column":1},"end":{"line":68,"column":null}},"15":{"start":{"line":77,"column":18},"end":{"line":77,"column":46}},"16":{"start":{"line":78,"column":15},"end":{"line":78,"column":76}},"17":{"start":{"line":79,"column":1},"end":{"line":79,"column":null}},"18":{"start":{"line":79,"column":13},"end":{"line":79,"column":null}},"19":{"start":{"line":80,"column":1},"end":{"line":80,"column":null}},"20":{"start":{"line":81,"column":1},"end":{"line":81,"column":null}},"21":{"start":{"line":90,"column":18},"end":{"line":90,"column":46}},"22":{"start":{"line":91,"column":15},"end":{"line":91,"column":73}},"23":{"start":{"line":92,"column":1},"end":{"line":92,"column":null}},"24":{"start":{"line":92,"column":13},"end":{"line":92,"column":null}},"25":{"start":{"line":93,"column":1},"end":{"line":93,"column":null}},"26":{"start":{"line":94,"column":1},"end":{"line":94,"column":null}}},"fnMap":{"0":{"name":"findLabeledEntry","decl":{"start":{"line":13,"column":9},"end":{"line":13,"column":null}},"loc":{"start":{"line":17,"column":35},"end":{"line":19,"column":null}},"line":17},"1":{"name":"clickComposer","decl":{"start":{"line":27,"column":22},"end":{"line":27,"column":36}},"loc":{"start":{"line":27,"column":76},"end":{"line":31,"column":null}},"line":27},"2":{"name":"typePrompt","decl":{"start":{"line":35,"column":22},"end":{"line":35,"column":33}},"loc":{"start":{"line":35,"column":92},"end":{"line":47,"column":null}},"line":35},"3":{"name":"clickSend","decl":{"start":{"line":55,"column":22},"end":{"line":55,"column":32}},"loc":{"start":{"line":55,"column":72},"end":{"line":59,"column":null}},"line":55},"4":{"name":"sendPrompt","decl":{"start":{"line":67,"column":22},"end":{"line":67,"column":33}},"loc":{"start":{"line":67,"column":73},"end":{"line":68,"column":null}},"line":67},"5":{"name":"clickAddFiles","decl":{"start":{"line":76,"column":22},"end":{"line":76,"column":36}},"loc":{"start":{"line":76,"column":79},"end":{"line":81,"column":null}},"line":76},"6":{"name":"clickClose","decl":{"start":{"line":89,"column":22},"end":{"line":89,"column":33}},"loc":{"start":{"line":89,"column":76},"end":{"line":94,"column":null}},"line":89}},"branchMap":{"0":{"loc":{"start":{"line":30,"column":1},"end":{"line":30,"column":null}},"type":"if","locations":[{"start":{"line":30,"column":1},"end":{"line":30,"column":null}},{"start":{},"end":{}}],"line":30},"1":{"loc":{"start":{"line":47,"column":11},"end":{"line":47,"column":null}},"type":"binary-expr","locations":[{"start":{"line":47,"column":11},"end":{"line":47,"column":21}},{"start":{"line":47,"column":21},"end":{"line":47,"column":51}},{"start":{"line":47,"column":51},"end":{"line":47,"column":74}},{"start":{"line":47,"column":74},"end":{"line":47,"column":null}}],"line":47},"2":{"loc":{"start":{"line":58,"column":1},"end":{"line":58,"column":null}},"type":"if","locations":[{"start":{"line":58,"column":1},"end":{"line":58,"column":null}},{"start":{},"end":{}}],"line":58},"3":{"loc":{"start":{"line":79,"column":1},"end":{"line":79,"column":null}},"type":"if","locations":[{"start":{"line":79,"column":1},"end":{"line":79,"column":null}},{"start":{},"end":{}}],"line":79},"4":{"loc":{"start":{"line":92,"column":1},"end":{"line":92,"column":null}},"type":"if","locations":[{"start":{"line":92,"column":1},"end":{"line":92,"column":null}},{"start":{},"end":{}}],"line":92}},"s":{"0":5,"1":5,"2":1,"3":1,"4":1,"5":0,"6":1,"7":2,"8":2,"9":2,"10":2,"11":2,"12":1,"13":1,"14":1,"15":2,"16":2,"17":2,"18":1,"19":1,"20":1,"21":0,"22":0,"23":0,"24":0,"25":0,"26":0},"f":{"0":5,"1":1,"2":2,"3":2,"4":1,"5":2,"6":0},"b":{"0":[0,1],"1":[2,2,2,2],"2":[1,1],"3":[1,1],"4":[0,0]},"meta":{"lastBranch":5,"lastFunction":7,"lastStatement":27,"seen":{"f:13:9:13:Infinity":0,"s:18:7:18:47":0,"s:19:1:19:Infinity":1,"f:27:22:27:36":1,"s:28:18:28:46":2,"s:29:15:29:77":3,"b:30:1:30:Infinity:undefined:undefined:undefined:undefined":0,"s:30:1:30:Infinity":4,"s:30:13:30:Infinity":5,"s:31:1:31:Infinity":6,"f:35:22:35:33":2,"s:36:16:46:Infinity":7,"s:47:1:47:Infinity":8,"b:47:11:47:21:47:21:47:51:47:51:47:74:47:74:47:Infinity":1,"f:55:22:55:32":3,"s:56:18:56:46":9,"s:57:15:57:72":10,"b:58:1:58:Infinity:undefined:undefined:undefined:undefined":2,"s:58:1:58:Infinity":11,"s:58:13:58:Infinity":12,"s:59:1:59:Infinity":13,"f:67:22:67:33":4,"s:68:1:68:Infinity":14,"f:76:22:76:36":5,"s:77:18:77:46":15,"s:78:15:78:76":16,"b:79:1:79:Infinity:undefined:undefined:undefined:undefined":3,"s:79:1:79:Infinity":17,"s:79:13:79:Infinity":18,"s:80:1:80:Infinity":19,"s:81:1:81:Infinity":20,"f:89:22:89:33":6,"s:90:18:90:46":21,"s:91:15:91:73":22,"b:92:1:92:Infinity:undefined:undefined:undefined:undefined":4,"s:92:1:92:Infinity":23,"s:92:13:92:Infinity":24,"s:93:1:93:Infinity":25,"s:94:1:94:Infinity":26}}}
,"/home/agaibor/code/pi-oracle/extensions/oracle/pages/chatgpt/chatgpt.assertions.ts": {"path":"/home/agaibor/code/pi-oracle/extensions/oracle/pages/chatgpt/chatgpt.assertions.ts","statementMap":{"0":{"start":{"line":15,"column":1},"end":{"line":17,"column":null}},"1":{"start":{"line":16,"column":9},"end":{"line":16,"column":79}},"2":{"start":{"line":22,"column":7},"end":{"line":24,"column":null}},"3":{"start":{"line":24,"column":9},"end":{"line":24,"column":null}},"4":{"start":{"line":26,"column":1},"end":{"line":26,"column":null}},"5":{"start":{"line":31,"column":1},"end":{"line":33,"column":null}},"6":{"start":{"line":32,"column":9},"end":{"line":32,"column":78}},"7":{"start":{"line":38,"column":1},"end":{"line":40,"column":null}},"8":{"start":{"line":39,"column":9},"end":{"line":39,"column":83}},"9":{"start":{"line":45,"column":1},"end":{"line":47,"column":null}},"10":{"start":{"line":46,"column":9},"end":{"line":46,"column":74}},"11":{"start":{"line":56,"column":16},"end":{"line":56,"column":null}},"12":{"start":{"line":57,"column":1},"end":{"line":60,"column":null}},"13":{"start":{"line":59,"column":9},"end":{"line":59,"column":null}},"14":{"start":{"line":65,"column":1},"end":{"line":65,"column":null}},"15":{"start":{"line":70,"column":7},"end":{"line":70,"column":47}},"16":{"start":{"line":71,"column":19},"end":{"line":71,"column":68}},"17":{"start":{"line":73,"column":20},"end":{"line":74,"column":null}},"18":{"start":{"line":74,"column":9},"end":{"line":74,"column":null}},"19":{"start":{"line":76,"column":1},"end":{"line":76,"column":null}},"20":{"start":{"line":76,"column":24},"end":{"line":76,"column":null}},"21":{"start":{"line":78,"column":18},"end":{"line":81,"column":null}},"22":{"start":{"line":79,"column":2},"end":{"line":79,"column":null}},"23":{"start":{"line":79,"column":53},"end":{"line":79,"column":null}},"24":{"start":{"line":80,"column":2},"end":{"line":80,"column":null}},"25":{"start":{"line":80,"column":31},"end":{"line":80,"column":79}},"26":{"start":{"line":82,"column":1},"end":{"line":82,"column":null}},"27":{"start":{"line":87,"column":16},"end":{"line":87,"column":null}},"28":{"start":{"line":88,"column":1},"end":{"line":88,"column":null}},"29":{"start":{"line":88,"column":14},"end":{"line":88,"column":null}},"30":{"start":{"line":89,"column":7},"end":{"line":89,"column":47}},"31":{"start":{"line":90,"column":1},"end":{"line":104,"column":null}},"32":{"start":{"line":91,"column":2},"end":{"line":91,"column":null}},"33":{"start":{"line":91,"column":22},"end":{"line":91,"column":null}},"34":{"start":{"line":92,"column":2},"end":{"line":92,"column":null}},"35":{"start":{"line":92,"column":71},"end":{"line":92,"column":null}},"36":{"start":{"line":93,"column":2},"end":{"line":93,"column":null}},"37":{"start":{"line":93,"column":31},"end":{"line":93,"column":null}},"38":{"start":{"line":94,"column":16},"end":{"line":94,"column":55}},"39":{"start":{"line":95,"column":2},"end":{"line":103,"column":null}},"40":{"start":{"line":96,"column":22},"end":{"line":96,"column":45}},"41":{"start":{"line":97,"column":3},"end":{"line":101,"column":null}},"42":{"start":{"line":109,"column":7},"end":{"line":109,"column":47}},"43":{"start":{"line":110,"column":1},"end":{"line":113,"column":null}},"44":{"start":{"line":111,"column":2},"end":{"line":111,"column":null}},"45":{"start":{"line":111,"column":39},"end":{"line":111,"column":null}},"46":{"start":{"line":112,"column":2},"end":{"line":112,"column":null}},"47":{"start":{"line":124,"column":7},"end":{"line":124,"column":47}},"48":{"start":{"line":128,"column":23},"end":{"line":129,"column":null}},"49":{"start":{"line":129,"column":9},"end":{"line":129,"column":74}},"50":{"start":{"line":131,"column":1},"end":{"line":131,"column":null}},"51":{"start":{"line":131,"column":20},"end":{"line":131,"column":null}},"52":{"start":{"line":134,"column":23},"end":{"line":135,"column":null}},"53":{"start":{"line":135,"column":9},"end":{"line":135,"column":82}},"54":{"start":{"line":137,"column":1},"end":{"line":137,"column":null}},"55":{"start":{"line":145,"column":7},"end":{"line":145,"column":47}},"56":{"start":{"line":147,"column":17},"end":{"line":148,"column":null}},"57":{"start":{"line":148,"column":9},"end":{"line":148,"column":74}},"58":{"start":{"line":150,"column":1},"end":{"line":150,"column":null}},"59":{"start":{"line":158,"column":1},"end":{"line":158,"column":null}},"60":{"start":{"line":163,"column":18},"end":{"line":176,"column":3}},"61":{"start":{"line":178,"column":14},"end":{"line":178,"column":31}},"62":{"start":{"line":179,"column":59},"end":{"line":179,"column":61}},"63":{"start":{"line":181,"column":1},"end":{"line":189,"column":null}},"64":{"start":{"line":182,"column":2},"end":{"line":182,"column":null}},"65":{"start":{"line":182,"column":20},"end":{"line":182,"column":null}},"66":{"start":{"line":183,"column":2},"end":{"line":183,"column":null}},"67":{"start":{"line":183,"column":33},"end":{"line":183,"column":null}},"68":{"start":{"line":184,"column":2},"end":{"line":184,"column":null}},"69":{"start":{"line":184,"column":46},"end":{"line":184,"column":null}},"70":{"start":{"line":185,"column":2},"end":{"line":185,"column":null}},"71":{"start":{"line":185,"column":56},"end":{"line":185,"column":null}},"72":{"start":{"line":186,"column":2},"end":{"line":186,"column":null}},"73":{"start":{"line":186,"column":43},"end":{"line":186,"column":null}},"74":{"start":{"line":187,"column":2},"end":{"line":187,"column":null}},"75":{"start":{"line":187,"column":29},"end":{"line":187,"column":null}},"76":{"start":{"line":188,"column":2},"end":{"line":188,"column":null}},"77":{"start":{"line":189,"column":2},"end":{"line":189,"column":null}},"78":{"start":{"line":191,"column":1},"end":{"line":191,"column":null}},"79":{"start":{"line":195,"column":20},"end":{"line":195,"column":32}},"80":{"start":{"line":196,"column":1},"end":{"line":196,"column":null}},"81":{"start":{"line":196,"column":18},"end":{"line":196,"column":null}},"82":{"start":{"line":197,"column":15},"end":{"line":197,"column":39}},"83":{"start":{"line":198,"column":1},"end":{"line":198,"column":null}},"84":{"start":{"line":198,"column":47},"end":{"line":198,"column":null}},"85":{"start":{"line":199,"column":1},"end":{"line":199,"column":null}},"86":{"start":{"line":203,"column":20},"end":{"line":203,"column":46}},"87":{"start":{"line":204,"column":23},"end":{"line":204,"column":119}},"88":{"start":{"line":205,"column":1},"end":{"line":205,"column":null}},"89":{"start":{"line":205,"column":20},"end":{"line":205,"column":null}},"90":{"start":{"line":206,"column":1},"end":{"line":206,"column":null}},"91":{"start":{"line":215,"column":1},"end":{"line":222,"column":null}}},"fnMap":{"0":{"name":"hasComposer","decl":{"start":{"line":14,"column":16},"end":{"line":14,"column":28}},"loc":{"start":{"line":14,"column":55},"end":{"line":17,"column":null}},"line":14},"1":{"name":"(anonymous_1)","decl":{"start":{"line":15,"column":39},"end":{"line":15,"column":null}},"loc":{"start":{"line":16,"column":9},"end":{"line":16,"column":79}},"line":16},"2":{"name":"canSend","decl":{"start":{"line":21,"column":16},"end":{"line":21,"column":24}},"loc":{"start":{"line":21,"column":51},"end":{"line":26,"column":null}},"line":21},"3":{"name":"(anonymous_3)","decl":{"start":{"line":23,"column":2},"end":{"line":23,"column":null}},"loc":{"start":{"line":24,"column":9},"end":{"line":24,"column":null}},"line":24},"4":{"name":"hasAddFiles","decl":{"start":{"line":30,"column":16},"end":{"line":30,"column":28}},"loc":{"start":{"line":30,"column":55},"end":{"line":33,"column":null}},"line":30},"5":{"name":"(anonymous_5)","decl":{"start":{"line":31,"column":39},"end":{"line":31,"column":null}},"loc":{"start":{"line":32,"column":9},"end":{"line":32,"column":78}},"line":32},"6":{"name":"hasModelSelector","decl":{"start":{"line":37,"column":16},"end":{"line":37,"column":33}},"loc":{"start":{"line":37,"column":60},"end":{"line":40,"column":null}},"line":37},"7":{"name":"(anonymous_7)","decl":{"start":{"line":38,"column":39},"end":{"line":38,"column":null}},"loc":{"start":{"line":39,"column":9},"end":{"line":39,"column":83}},"line":39},"8":{"name":"hasStopButton","decl":{"start":{"line":44,"column":16},"end":{"line":44,"column":30}},"loc":{"start":{"line":44,"column":57},"end":{"line":47,"column":null}},"line":44},"9":{"name":"(anonymous_9)","decl":{"start":{"line":45,"column":39},"end":{"line":45,"column":null}},"loc":{"start":{"line":46,"column":9},"end":{"line":46,"column":74}},"line":46},"10":{"name":"findModelButton","decl":{"start":{"line":55,"column":16},"end":{"line":55,"column":32}},"loc":{"start":{"line":55,"column":99},"end":{"line":60,"column":null}},"line":55},"11":{"name":"(anonymous_11)","decl":{"start":{"line":58,"column":2},"end":{"line":58,"column":null}},"loc":{"start":{"line":59,"column":9},"end":{"line":59,"column":null}},"line":59},"12":{"name":"hasThinkingChip","decl":{"start":{"line":64,"column":16},"end":{"line":64,"column":32}},"loc":{"start":{"line":64,"column":59},"end":{"line":65,"column":null}},"line":64},"13":{"name":"getVisibleEffort","decl":{"start":{"line":69,"column":16},"end":{"line":69,"column":33}},"loc":{"start":{"line":69,"column":71},"end":{"line":82,"column":null}},"line":69},"14":{"name":"(anonymous_14)","decl":{"start":{"line":73,"column":28},"end":{"line":73,"column":null}},"loc":{"start":{"line":74,"column":9},"end":{"line":74,"column":null}},"line":74},"15":{"name":"(anonymous_15)","decl":{"start":{"line":78,"column":26},"end":{"line":78,"column":32}},"loc":{"start":{"line":78,"column":38},"end":{"line":81,"column":null}},"line":78},"16":{"name":"(anonymous_16)","decl":{"start":{"line":80,"column":19},"end":{"line":80,"column":25}},"loc":{"start":{"line":80,"column":31},"end":{"line":80,"column":79}},"line":80},"17":{"name":"isEffortVisible","decl":{"start":{"line":86,"column":16},"end":{"line":86,"column":32}},"loc":{"start":{"line":86,"column":75},"end":{"line":104,"column":null}},"line":86},"18":{"name":"(anonymous_18)","decl":{"start":{"line":90,"column":16},"end":{"line":90,"column":22}},"loc":{"start":{"line":90,"column":32},"end":{"line":104,"column":null}},"line":90},"19":{"name":"(anonymous_19)","decl":{"start":{"line":95,"column":16},"end":{"line":95,"column":22}},"loc":{"start":{"line":95,"column":36},"end":{"line":103,"column":null}},"line":95},"20":{"name":"modelMatchesFamily","decl":{"start":{"line":108,"column":16},"end":{"line":108,"column":35}},"loc":{"start":{"line":108,"column":78},"end":{"line":113,"column":null}},"line":108},"21":{"name":"(anonymous_21)","decl":{"start":{"line":110,"column":16},"end":{"line":110,"column":22}},"loc":{"start":{"line":110,"column":28},"end":{"line":113,"column":null}},"line":110},"22":{"name":"isResponseComplete","decl":{"start":{"line":123,"column":16},"end":{"line":123,"column":35}},"loc":{"start":{"line":123,"column":62},"end":{"line":137,"column":null}},"line":123},"23":{"name":"(anonymous_23)","decl":{"start":{"line":128,"column":31},"end":{"line":128,"column":null}},"loc":{"start":{"line":129,"column":9},"end":{"line":129,"column":74}},"line":129},"24":{"name":"(anonymous_24)","decl":{"start":{"line":134,"column":31},"end":{"line":134,"column":null}},"loc":{"start":{"line":135,"column":9},"end":{"line":135,"column":82}},"line":135},"25":{"name":"isStreamingActive","decl":{"start":{"line":144,"column":16},"end":{"line":144,"column":34}},"loc":{"start":{"line":144,"column":61},"end":{"line":150,"column":null}},"line":144},"26":{"name":"(anonymous_26)","decl":{"start":{"line":147,"column":25},"end":{"line":147,"column":null}},"loc":{"start":{"line":148,"column":9},"end":{"line":148,"column":74}},"line":148},"27":{"name":"isThinkingModel","decl":{"start":{"line":157,"column":16},"end":{"line":157,"column":32}},"loc":{"start":{"line":157,"column":59},"end":{"line":158,"column":null}},"line":157},"28":{"name":"findArtifactCandidates","decl":{"start":{"line":162,"column":16},"end":{"line":162,"column":39}},"loc":{"start":{"line":162,"column":96},"end":{"line":191,"column":null}},"line":162},"29":{"name":"isLikelyArtifactLabel","decl":{"start":{"line":194,"column":16},"end":{"line":194,"column":38}},"loc":{"start":{"line":194,"column":62},"end":{"line":199,"column":null}},"line":194},"30":{"name":"preferredArtifactName","decl":{"start":{"line":202,"column":16},"end":{"line":202,"column":38}},"loc":{"start":{"line":202,"column":76},"end":{"line":206,"column":null}},"line":202},"31":{"name":"buildAssistantMessagesScript","decl":{"start":{"line":214,"column":16},"end":{"line":214,"column":55}},"loc":{"start":{"line":214,"column":55},"end":{"line":222,"column":null}},"line":214}},"branchMap":{"0":{"loc":{"start":{"line":16,"column":9},"end":{"line":16,"column":79}},"type":"binary-expr","locations":[{"start":{"line":16,"column":9},"end":{"line":16,"column":33}},{"start":{"line":16,"column":20},"end":{"line":16,"column":79}}],"line":16},"1":{"loc":{"start":{"line":24,"column":9},"end":{"line":24,"column":null}},"type":"binary-expr","locations":[{"start":{"line":24,"column":9},"end":{"line":24,"column":32}},{"start":{"line":24,"column":20},"end":{"line":24,"column":74}},{"start":{"line":24,"column":78},"end":{"line":24,"column":null}}],"line":24},"2":{"loc":{"start":{"line":32,"column":9},"end":{"line":32,"column":78}},"type":"binary-expr","locations":[{"start":{"line":32,"column":9},"end":{"line":32,"column":32}},{"start":{"line":32,"column":20},"end":{"line":32,"column":78}}],"line":32},"3":{"loc":{"start":{"line":39,"column":9},"end":{"line":39,"column":83}},"type":"binary-expr","locations":[{"start":{"line":39,"column":9},"end":{"line":39,"column":32}},{"start":{"line":39,"column":20},"end":{"line":39,"column":83}}],"line":39},"4":{"loc":{"start":{"line":46,"column":9},"end":{"line":46,"column":74}},"type":"binary-expr","locations":[{"start":{"line":46,"column":9},"end":{"line":46,"column":32}},{"start":{"line":46,"column":20},"end":{"line":46,"column":74}}],"line":46},"5":{"loc":{"start":{"line":56,"column":16},"end":{"line":56,"column":null}},"type":"binary-expr","locations":[{"start":{"line":56,"column":16},"end":{"line":56,"column":47}},{"start":{"line":56,"column":47},"end":{"line":56,"column":null}}],"line":56},"6":{"loc":{"start":{"line":59,"column":9},"end":{"line":59,"column":null}},"type":"binary-expr","locations":[{"start":{"line":59,"column":9},"end":{"line":59,"column":32}},{"start":{"line":59,"column":32},"end":{"line":59,"column":63}},{"start":{"line":59,"column":63},"end":{"line":59,"column":89}},{"start":{"line":59,"column":93},"end":{"line":59,"column":null}}],"line":59},"7":{"loc":{"start":{"line":74,"column":9},"end":{"line":74,"column":null}},"type":"binary-expr","locations":[{"start":{"line":74,"column":9},"end":{"line":74,"column":34}},{"start":{"line":74,"column":34},"end":{"line":74,"column":45}},{"start":{"line":74,"column":45},"end":{"line":74,"column":72}},{"start":{"line":74,"column":76},"end":{"line":74,"column":null}}],"line":74},"8":{"loc":{"start":{"line":76,"column":1},"end":{"line":76,"column":null}},"type":"if","locations":[{"start":{"line":76,"column":1},"end":{"line":76,"column":null}},{"start":{},"end":{}}],"line":76},"9":{"loc":{"start":{"line":79,"column":2},"end":{"line":79,"column":null}},"type":"if","locations":[{"start":{"line":79,"column":2},"end":{"line":79,"column":null}},{"start":{},"end":{}}],"line":79},"10":{"loc":{"start":{"line":79,"column":6},"end":{"line":79,"column":53}},"type":"binary-expr","locations":[{"start":{"line":79,"column":6},"end":{"line":79,"column":29}},{"start":{"line":79,"column":29},"end":{"line":79,"column":43}},{"start":{"line":79,"column":43},"end":{"line":79,"column":53}}],"line":79},"11":{"loc":{"start":{"line":88,"column":1},"end":{"line":88,"column":null}},"type":"if","locations":[{"start":{"line":88,"column":1},"end":{"line":88,"column":null}},{"start":{},"end":{}}],"line":88},"12":{"loc":{"start":{"line":91,"column":2},"end":{"line":91,"column":null}},"type":"if","locations":[{"start":{"line":91,"column":2},"end":{"line":91,"column":null}},{"start":{},"end":{}}],"line":91},"13":{"loc":{"start":{"line":92,"column":2},"end":{"line":92,"column":null}},"type":"if","locations":[{"start":{"line":92,"column":2},"end":{"line":92,"column":null}},{"start":{},"end":{}}],"line":92},"14":{"loc":{"start":{"line":92,"column":6},"end":{"line":92,"column":69}},"type":"binary-expr","locations":[{"start":{"line":92,"column":6},"end":{"line":92,"column":35}},{"start":{"line":92,"column":35},"end":{"line":92,"column":69}}],"line":92},"15":{"loc":{"start":{"line":92,"column":51},"end":{"line":92,"column":69}},"type":"binary-expr","locations":[{"start":{"line":92,"column":51},"end":{"line":92,"column":66}},{"start":{"line":92,"column":66},"end":{"line":92,"column":69}}],"line":92},"16":{"loc":{"start":{"line":93,"column":2},"end":{"line":93,"column":null}},"type":"if","locations":[{"start":{"line":93,"column":2},"end":{"line":93,"column":null}},{"start":{},"end":{}}],"line":93},"17":{"loc":{"start":{"line":94,"column":23},"end":{"line":94,"column":41}},"type":"binary-expr","locations":[{"start":{"line":94,"column":23},"end":{"line":94,"column":38}},{"start":{"line":94,"column":38},"end":{"line":94,"column":41}}],"line":94},"18":{"loc":{"start":{"line":98,"column":4},"end":{"line":101,"column":null}},"type":"binary-expr","locations":[{"start":{"line":98,"column":4},"end":{"line":98,"column":null}},{"start":{"line":99,"column":4},"end":{"line":99,"column":null}},{"start":{"line":100,"column":4},"end":{"line":100,"column":null}},{"start":{"line":101,"column":4},"end":{"line":101,"column":null}}],"line":98},"19":{"loc":{"start":{"line":111,"column":2},"end":{"line":111,"column":null}},"type":"if","locations":[{"start":{"line":111,"column":2},"end":{"line":111,"column":null}},{"start":{},"end":{}}],"line":111},"20":{"loc":{"start":{"line":111,"column":6},"end":{"line":111,"column":39}},"type":"binary-expr","locations":[{"start":{"line":111,"column":6},"end":{"line":111,"column":29}},{"start":{"line":111,"column":29},"end":{"line":111,"column":39}}],"line":111},"21":{"loc":{"start":{"line":112,"column":28},"end":{"line":112,"column":62}},"type":"binary-expr","locations":[{"start":{"line":112,"column":28},"end":{"line":112,"column":59}},{"start":{"line":112,"column":59},"end":{"line":112,"column":62}}],"line":112},"22":{"loc":{"start":{"line":129,"column":9},"end":{"line":129,"column":74}},"type":"binary-expr","locations":[{"start":{"line":129,"column":9},"end":{"line":129,"column":32}},{"start":{"line":129,"column":20},"end":{"line":129,"column":74}}],"line":129},"23":{"loc":{"start":{"line":131,"column":1},"end":{"line":131,"column":null}},"type":"if","locations":[{"start":{"line":131,"column":1},"end":{"line":131,"column":null}},{"start":{},"end":{}}],"line":131},"24":{"loc":{"start":{"line":135,"column":9},"end":{"line":135,"column":82}},"type":"binary-expr","locations":[{"start":{"line":135,"column":9},"end":{"line":135,"column":32}},{"start":{"line":135,"column":20},"end":{"line":135,"column":82}}],"line":135},"25":{"loc":{"start":{"line":148,"column":9},"end":{"line":148,"column":74}},"type":"binary-expr","locations":[{"start":{"line":148,"column":9},"end":{"line":148,"column":32}},{"start":{"line":148,"column":20},"end":{"line":148,"column":74}}],"line":148},"26":{"loc":{"start":{"line":158,"column":8},"end":{"line":158,"column":73}},"type":"binary-expr","locations":[{"start":{"line":158,"column":8},"end":{"line":158,"column":40}},{"start":{"line":158,"column":44},"end":{"line":158,"column":73}}],"line":158},"27":{"loc":{"start":{"line":182,"column":2},"end":{"line":182,"column":null}},"type":"if","locations":[{"start":{"line":182,"column":2},"end":{"line":182,"column":null}},{"start":{},"end":{}}],"line":182},"28":{"loc":{"start":{"line":183,"column":2},"end":{"line":183,"column":null}},"type":"if","locations":[{"start":{"line":183,"column":2},"end":{"line":183,"column":null}},{"start":{},"end":{}}],"line":183},"29":{"loc":{"start":{"line":184,"column":2},"end":{"line":184,"column":null}},"type":"if","locations":[{"start":{"line":184,"column":2},"end":{"line":184,"column":null}},{"start":{},"end":{}}],"line":184},"30":{"loc":{"start":{"line":185,"column":2},"end":{"line":185,"column":null}},"type":"if","locations":[{"start":{"line":185,"column":2},"end":{"line":185,"column":null}},{"start":{},"end":{}}],"line":185},"31":{"loc":{"start":{"line":185,"column":6},"end":{"line":185,"column":56}},"type":"binary-expr","locations":[{"start":{"line":185,"column":6},"end":{"line":185,"column":33}},{"start":{"line":185,"column":33},"end":{"line":185,"column":56}}],"line":185},"32":{"loc":{"start":{"line":186,"column":2},"end":{"line":186,"column":null}},"type":"if","locations":[{"start":{"line":186,"column":2},"end":{"line":186,"column":null}},{"start":{},"end":{}}],"line":186},"33":{"loc":{"start":{"line":187,"column":2},"end":{"line":187,"column":null}},"type":"if","locations":[{"start":{"line":187,"column":2},"end":{"line":187,"column":null}},{"start":{},"end":{}}],"line":187},"34":{"loc":{"start":{"line":196,"column":1},"end":{"line":196,"column":null}},"type":"if","locations":[{"start":{"line":196,"column":1},"end":{"line":196,"column":null}},{"start":{},"end":{}}],"line":196},"35":{"loc":{"start":{"line":198,"column":1},"end":{"line":198,"column":null}},"type":"if","locations":[{"start":{"line":198,"column":1},"end":{"line":198,"column":null}},{"start":{},"end":{}}],"line":198},"36":{"loc":{"start":{"line":198,"column":5},"end":{"line":198,"column":47}},"type":"binary-expr","locations":[{"start":{"line":198,"column":5},"end":{"line":198,"column":29}},{"start":{"line":198,"column":29},"end":{"line":198,"column":47}}],"line":198},"37":{"loc":{"start":{"line":203,"column":27},"end":{"line":203,"column":39}},"type":"binary-expr","locations":[{"start":{"line":203,"column":27},"end":{"line":203,"column":36}},{"start":{"line":203,"column":36},"end":{"line":203,"column":39}}],"line":203},"38":{"loc":{"start":{"line":205,"column":1},"end":{"line":205,"column":null}},"type":"if","locations":[{"start":{"line":205,"column":1},"end":{"line":205,"column":null}},{"start":{},"end":{}}],"line":205}},"s":{"0":2,"1":10,"2":3,"3":9,"4":3,"5":2,"6":11,"7":1,"8":7,"9":2,"10":13,"11":2,"12":2,"13":3,"14":3,"15":0,"16":0,"17":0,"18":0,"19":0,"20":0,"21":0,"22":0,"23":0,"24":0,"25":0,"26":0,"27":0,"28":0,"29":0,"30":0,"31":0,"32":0,"33":0,"34":0,"35":0,"36":0,"37":0,"38":0,"39":0,"40":0,"41":0,"42":2,"43":2,"44":2,"45":0,"46":2,"47":6,"48":6,"49":39,"50":6,"51":2,"52":4,"53":17,"54":4,"55":3,"56":3,"57":19,"58":3,"59":3,"60":1,"61":1,"62":1,"63":1,"64":3,"65":0,"66":3,"67":2,"68":1,"69":0,"70":1,"71":0,"72":1,"73":0,"74":1,"75":0,"76":1,"77":1,"78":1,"79":7,"80":7,"81":1,"82":6,"83":6,"84":2,"85":4,"86":2,"87":2,"88":2,"89":1,"90":1,"91":4},"f":{"0":2,"1":10,"2":3,"3":9,"4":2,"5":11,"6":1,"7":7,"8":2,"9":13,"10":2,"11":3,"12":3,"13":0,"14":0,"15":0,"16":0,"17":0,"18":0,"19":0,"20":2,"21":2,"22":6,"23":39,"24":17,"25":3,"26":19,"27":3,"28":1,"29":7,"30":2,"31":4},"b":{"0":[10,1],"1":[9,4,2],"2":[11,3],"3":[7,2],"4":[13,4],"5":[2,1],"6":[3,3,3,2],"7":[0,0,0,0],"8":[0,0],"9":[0,0],"10":[0,0,0],"11":[0,0],"12":[0,0],"13":[0,0],"14":[0,0],"15":[0,0],"16":[0,0],"17":[0,0],"18":[0,0,0,0],"19":[0,2],"20":[2,2],"21":[2,0],"22":[39,16],"23":[2,4],"24":[17,4],"25":[19,8],"26":[3,2],"27":[0,3],"28":[2,1],"29":[0,1],"30":[0,1],"31":[1,0],"32":[0,1],"33":[0,1],"34":[1,6],"35":[2,4],"36":[6,5],"37":[2,0],"38":[1,1]},"meta":{"lastBranch":39,"lastFunction":32,"lastStatement":92,"seen":{"f:14:16:14:28":0,"s:15:1:17:Infinity":0,"f:15:39:15:Infinity":1,"s:16:9:16:79":1,"b:16:9:16:33:16:20:16:79":0,"f:21:16:21:24":2,"s:22:7:24:Infinity":2,"f:23:2:23:Infinity":3,"s:24:9:24:Infinity":3,"b:24:9:24:32:24:20:24:74:24:78:24:Infinity":1,"s:26:1:26:Infinity":4,"f:30:16:30:28":4,"s:31:1:33:Infinity":5,"f:31:39:31:Infinity":5,"s:32:9:32:78":6,"b:32:9:32:32:32:20:32:78":2,"f:37:16:37:33":6,"s:38:1:40:Infinity":7,"f:38:39:38:Infinity":7,"s:39:9:39:83":8,"b:39:9:39:32:39:20:39:83":3,"f:44:16:44:30":8,"s:45:1:47:Infinity":9,"f:45:39:45:Infinity":9,"s:46:9:46:74":10,"b:46:9:46:32:46:20:46:74":4,"f:55:16:55:32":10,"s:56:16:56:Infinity":11,"b:56:16:56:47:56:47:56:Infinity":5,"s:57:1:60:Infinity":12,"f:58:2:58:Infinity":11,"s:59:9:59:Infinity":13,"b:59:9:59:32:59:32:59:63:59:63:59:89:59:93:59:Infinity":6,"f:64:16:64:32":12,"s:65:1:65:Infinity":14,"f:69:16:69:33":13,"s:70:7:70:47":15,"s:71:19:71:68":16,"s:73:20:74:Infinity":17,"f:73:28:73:Infinity":14,"s:74:9:74:Infinity":18,"b:74:9:74:34:74:34:74:45:74:45:74:72:74:76:74:Infinity":7,"b:76:1:76:Infinity:undefined:undefined:undefined:undefined":8,"s:76:1:76:Infinity":19,"s:76:24:76:Infinity":20,"s:78:18:81:Infinity":21,"f:78:26:78:32":15,"b:79:2:79:Infinity:undefined:undefined:undefined:undefined":9,"s:79:2:79:Infinity":22,"b:79:6:79:29:79:29:79:43:79:43:79:53":10,"s:79:53:79:Infinity":23,"s:80:2:80:Infinity":24,"f:80:19:80:25":16,"s:80:31:80:79":25,"s:82:1:82:Infinity":26,"f:86:16:86:32":17,"s:87:16:87:Infinity":27,"b:88:1:88:Infinity:undefined:undefined:undefined:undefined":11,"s:88:1:88:Infinity":28,"s:88:14:88:Infinity":29,"s:89:7:89:47":30,"s:90:1:104:Infinity":31,"f:90:16:90:22":18,"b:91:2:91:Infinity:undefined:undefined:undefined:undefined":12,"s:91:2:91:Infinity":32,"s:91:22:91:Infinity":33,"b:92:2:92:Infinity:undefined:undefined:undefined:undefined":13,"s:92:2:92:Infinity":34,"b:92:6:92:35:92:35:92:69":14,"b:92:51:92:66:92:66:92:69":15,"s:92:71:92:Infinity":35,"b:93:2:93:Infinity:undefined:undefined:undefined:undefined":16,"s:93:2:93:Infinity":36,"s:93:31:93:Infinity":37,"s:94:16:94:55":38,"b:94:23:94:38:94:38:94:41":17,"s:95:2:103:Infinity":39,"f:95:16:95:22":19,"s:96:22:96:45":40,"s:97:3:101:Infinity":41,"b:98:4:98:Infinity:99:4:99:Infinity:100:4:100:Infinity:101:4:101:Infinity":18,"f:108:16:108:35":20,"s:109:7:109:47":42,"s:110:1:113:Infinity":43,"f:110:16:110:22":21,"b:111:2:111:Infinity:undefined:undefined:undefined:undefined":19,"s:111:2:111:Infinity":44,"b:111:6:111:29:111:29:111:39":20,"s:111:39:111:Infinity":45,"s:112:2:112:Infinity":46,"b:112:28:112:59:112:59:112:62":21,"f:123:16:123:35":22,"s:124:7:124:47":47,"s:128:23:129:Infinity":48,"f:128:31:128:Infinity":23,"s:129:9:129:74":49,"b:129:9:129:32:129:20:129:74":22,"b:131:1:131:Infinity:undefined:undefined:undefined:undefined":23,"s:131:1:131:Infinity":50,"s:131:20:131:Infinity":51,"s:134:23:135:Infinity":52,"f:134:31:134:Infinity":24,"s:135:9:135:82":53,"b:135:9:135:32:135:20:135:82":24,"s:137:1:137:Infinity":54,"f:144:16:144:34":25,"s:145:7:145:47":55,"s:147:17:148:Infinity":56,"f:147:25:147:Infinity":26,"s:148:9:148:74":57,"b:148:9:148:32:148:20:148:74":25,"s:150:1:150:Infinity":58,"f:157:16:157:32":27,"s:158:1:158:Infinity":59,"b:158:8:158:40:158:44:158:73":26,"f:162:16:162:39":28,"s:163:18:176:3":60,"s:178:14:178:31":61,"s:179:59:179:61":62,"s:181:1:189:Infinity":63,"b:182:2:182:Infinity:undefined:undefined:undefined:undefined":27,"s:182:2:182:Infinity":64,"s:182:20:182:Infinity":65,"b:183:2:183:Infinity:undefined:undefined:undefined:undefined":28,"s:183:2:183:Infinity":66,"s:183:33:183:Infinity":67,"b:184:2:184:Infinity:undefined:undefined:undefined:undefined":29,"s:184:2:184:Infinity":68,"s:184:46:184:Infinity":69,"b:185:2:185:Infinity:undefined:undefined:undefined:undefined":30,"s:185:2:185:Infinity":70,"b:185:6:185:33:185:33:185:56":31,"s:185:56:185:Infinity":71,"b:186:2:186:Infinity:undefined:undefined:undefined:undefined":32,"s:186:2:186:Infinity":72,"s:186:43:186:Infinity":73,"b:187:2:187:Infinity:undefined:undefined:undefined:undefined":33,"s:187:2:187:Infinity":74,"s:187:29:187:Infinity":75,"s:188:2:188:Infinity":76,"s:189:2:189:Infinity":77,"s:191:1:191:Infinity":78,"f:194:16:194:38":29,"s:195:20:195:32":79,"b:196:1:196:Infinity:undefined:undefined:undefined:undefined":34,"s:196:1:196:Infinity":80,"s:196:18:196:Infinity":81,"s:197:15:197:39":82,"b:198:1:198:Infinity:undefined:undefined:undefined:undefined":35,"s:198:1:198:Infinity":83,"b:198:5:198:29:198:29:198:47":36,"s:198:47:198:Infinity":84,"s:199:1:199:Infinity":85,"f:202:16:202:38":30,"s:203:20:203:46":86,"b:203:27:203:36:203:36:203:39":37,"s:204:23:204:119":87,"b:205:1:205:Infinity:undefined:undefined:undefined:undefined":38,"s:205:1:205:Infinity":88,"s:205:20:205:Infinity":89,"s:206:1:206:Infinity":90,"f:214:16:214:55":31,"s:215:1:222:Infinity":91}}}
,"/home/agaibor/code/pi-oracle/extensions/oracle/pages/chatgpt/chatgpt.selectors.ts": {"path":"/home/agaibor/code/pi-oracle/extensions/oracle/pages/chatgpt/chatgpt.selectors.ts","statementMap":{"0":{"start":{"line":13,"column":31},"end":{"line":31,"column":null}},"1":{"start":{"line":38,"column":42},"end":{"line":56,"column":null}},"2":{"start":{"line":62,"column":28},"end":{"line":70,"column":null}},"3":{"start":{"line":76,"column":33},"end":{"line":133,"column":null}},"4":{"start":{"line":143,"column":30},"end":{"line":209,"column":null}},"5":{"start":{"line":215,"column":59},"end":{"line":219,"column":null}},"6":{"start":{"line":221,"column":64},"end":{"line":226,"column":null}}},"fnMap":{},"branchMap":{},"s":{"0":5,"1":5,"2":5,"3":5,"4":5,"5":5,"6":5},"f":{},"b":{},"meta":{"lastBranch":0,"lastFunction":0,"lastStatement":7,"seen":{"s:13:31:31:Infinity":0,"s:38:42:56:Infinity":1,"s:62:28:70:Infinity":2,"s:76:33:133:Infinity":3,"s:143:30:209:Infinity":4,"s:215:59:219:Infinity":5,"s:221:64:226:Infinity":6}}}
,"/home/agaibor/code/pi-oracle/extensions/oracle/shared/login-probe-types.ts": {"path":"/home/agaibor/code/pi-oracle/extensions/oracle/shared/login-probe-types.ts","statementMap":{},"fnMap":{},"branchMap":{},"s":{},"f":{},"b":{},"meta":{"lastBranch":0,"lastFunction":0,"lastStatement":0,"seen":{}}}
,"/home/agaibor/code/pi-oracle/extensions/oracle/shared/login-utils.ts": {"path":"/home/agaibor/code/pi-oracle/extensions/oracle/shared/login-utils.ts","statementMap":{"0":{"start":{"line":6,"column":68},"end":{"line":13,"column":null}},"1":{"start":{"line":17,"column":1},"end":{"line":17,"column":null}},"2":{"start":{"line":25,"column":25},"end":{"line":25,"column":null}},"3":{"start":{"line":26,"column":20},"end":{"line":26,"column":null}},"4":{"start":{"line":27,"column":26},"end":{"line":27,"column":118}},"5":{"start":{"line":28,"column":22},"end":{"line":28,"column":106}},"6":{"start":{"line":29,"column":23},"end":{"line":29,"column":68}},"7":{"start":{"line":29,"column":49},"end":{"line":29,"column":58}},"8":{"start":{"line":30,"column":19},"end":{"line":30,"column":60}},"9":{"start":{"line":30,"column":41},"end":{"line":30,"column":50}},"10":{"start":{"line":31,"column":26},"end":{"line":31,"column":110}},"11":{"start":{"line":32,"column":1},"end":{"line":115,"column":null}},"12":{"start":{"line":57,"column":35},"end":{"line":57,"column":44}},"13":{"start":{"line":139,"column":16},"end":{"line":139,"column":83}},"14":{"start":{"line":140,"column":13},"end":{"line":140,"column":37}},"15":{"start":{"line":142,"column":19},"end":{"line":142,"column":null}},"16":{"start":{"line":143,"column":1},"end":{"line":146,"column":null}},"17":{"start":{"line":144,"column":2},"end":{"line":144,"column":null}},"18":{"start":{"line":146,"column":2},"end":{"line":146,"column":null}},"19":{"start":{"line":149,"column":1},"end":{"line":159,"column":null}},"20":{"start":{"line":150,"column":2},"end":{"line":159,"column":null}},"21":{"start":{"line":162,"column":11},"end":{"line":162,"column":null}},"22":{"start":{"line":163,"column":1},"end":{"line":173,"column":null}},"23":{"start":{"line":183,"column":16},"end":{"line":183,"column":55}},"24":{"start":{"line":184,"column":13},"end":{"line":184,"column":37}},"25":{"start":{"line":186,"column":19},"end":{"line":186,"column":null}},"26":{"start":{"line":187,"column":1},"end":{"line":190,"column":null}},"27":{"start":{"line":188,"column":2},"end":{"line":188,"column":null}},"28":{"start":{"line":190,"column":2},"end":{"line":190,"column":null}},"29":{"start":{"line":193,"column":1},"end":{"line":203,"column":null}},"30":{"start":{"line":194,"column":2},"end":{"line":203,"column":null}},"31":{"start":{"line":206,"column":11},"end":{"line":206,"column":null}},"32":{"start":{"line":207,"column":1},"end":{"line":217,"column":null}},"33":{"start":{"line":224,"column":1},"end":{"line":224,"column":null}},"34":{"start":{"line":253,"column":49},"end":{"line":253,"column":null}},"35":{"start":{"line":254,"column":14},"end":{"line":254,"column":null}},"36":{"start":{"line":257,"column":27},"end":{"line":264,"column":null}},"37":{"start":{"line":265,"column":1},"end":{"line":269,"column":null}},"38":{"start":{"line":265,"column":41},"end":{"line":265,"column":59}},"39":{"start":{"line":266,"column":2},"end":{"line":269,"column":null}},"40":{"start":{"line":273,"column":24},"end":{"line":279,"column":null}},"41":{"start":{"line":280,"column":1},"end":{"line":284,"column":null}},"42":{"start":{"line":280,"column":38},"end":{"line":280,"column":56}},"43":{"start":{"line":281,"column":2},"end":{"line":284,"column":null}},"44":{"start":{"line":287,"column":24},"end":{"line":287,"column":76}},"45":{"start":{"line":289,"column":2},"end":{"line":290,"column":57}},"46":{"start":{"line":290,"column":34},"end":{"line":290,"column":56}},"47":{"start":{"line":291,"column":20},"end":{"line":291,"column":69}},"48":{"start":{"line":292,"column":21},"end":{"line":295,"column":null}},"49":{"start":{"line":297,"column":21},"end":{"line":300,"column":null}},"50":{"start":{"line":303,"column":2},"end":{"line":304,"column":61}},"51":{"start":{"line":306,"column":1},"end":{"line":310,"column":null}},"52":{"start":{"line":307,"column":2},"end":{"line":310,"column":null}},"53":{"start":{"line":313,"column":1},"end":{"line":324,"column":null}},"54":{"start":{"line":314,"column":2},"end":{"line":319,"column":null}},"55":{"start":{"line":315,"column":3},"end":{"line":319,"column":null}},"56":{"start":{"line":321,"column":2},"end":{"line":324,"column":null}},"57":{"start":{"line":327,"column":1},"end":{"line":344,"column":null}},"58":{"start":{"line":334,"column":2},"end":{"line":339,"column":null}},"59":{"start":{"line":335,"column":3},"end":{"line":339,"column":null}},"60":{"start":{"line":341,"column":2},"end":{"line":344,"column":null}},"61":{"start":{"line":347,"column":1},"end":{"line":348,"column":null}},"62":{"start":{"line":348,"column":2},"end":{"line":348,"column":null}},"63":{"start":{"line":351,"column":1},"end":{"line":351,"column":null}},"64":{"start":{"line":358,"column":17},"end":{"line":358,"column":37}},"65":{"start":{"line":359,"column":1},"end":{"line":366,"column":null}},"66":{"start":{"line":360,"column":18},"end":{"line":360,"column":77}},"67":{"start":{"line":361,"column":2},"end":{"line":361,"column":null}},"68":{"start":{"line":361,"column":16},"end":{"line":361,"column":null}},"69":{"start":{"line":362,"column":21},"end":{"line":362,"column":45}},"70":{"start":{"line":363,"column":2},"end":{"line":363,"column":null}},"71":{"start":{"line":363,"column":19},"end":{"line":363,"column":null}},"72":{"start":{"line":364,"column":16},"end":{"line":364,"column":43}},"73":{"start":{"line":365,"column":2},"end":{"line":366,"column":null}},"74":{"start":{"line":365,"column":25},"end":{"line":365,"column":56}},"75":{"start":{"line":366,"column":3},"end":{"line":366,"column":null}},"76":{"start":{"line":369,"column":1},"end":{"line":369,"column":null}},"77":{"start":{"line":373,"column":1},"end":{"line":373,"column":null}}},"fnMap":{"0":{"name":"buildLoginProbeScript","decl":{"start":{"line":16,"column":16},"end":{"line":16,"column":38}},"loc":{"start":{"line":16,"column":65},"end":{"line":17,"column":null}},"line":16},"1":{"name":"buildLoginProbeScriptFor","decl":{"start":{"line":24,"column":16},"end":{"line":24,"column":41}},"loc":{"start":{"line":24,"column":94},"end":{"line":115,"column":null}},"line":24},"2":{"name":"(anonymous_2)","decl":{"start":{"line":29,"column":40},"end":{"line":29,"column":44}},"loc":{"start":{"line":29,"column":49},"end":{"line":29,"column":58}},"line":29},"3":{"name":"(anonymous_3)","decl":{"start":{"line":30,"column":32},"end":{"line":30,"column":36}},"loc":{"start":{"line":30,"column":41},"end":{"line":30,"column":50}},"line":30},"4":{"name":"(anonymous_4)","decl":{"start":{"line":57,"column":28},"end":{"line":57,"column":32}},"loc":{"start":{"line":57,"column":35},"end":{"line":57,"column":44}},"line":57},"5":{"name":"loginProbe","decl":{"start":{"line":138,"column":22},"end":{"line":138,"column":33}},"loc":{"start":{"line":138,"column":109},"end":{"line":173,"column":null}},"line":138},"6":{"name":"loginProbeWithConfig","decl":{"start":{"line":179,"column":22},"end":{"line":179,"column":null}},"loc":{"start":{"line":182,"column":29},"end":{"line":217,"column":null}},"line":182},"7":{"name":"chatGPTLoginProbe","decl":{"start":{"line":223,"column":22},"end":{"line":223,"column":40}},"loc":{"start":{"line":223,"column":116},"end":{"line":224,"column":null}},"line":223},"8":{"name":"classifyChatPage","decl":{"start":{"line":246,"column":16},"end":{"line":246,"column":33}},"loc":{"start":{"line":252,"column":19},"end":{"line":351,"column":null}},"line":252},"9":{"name":"(anonymous_9)","decl":{"start":{"line":265,"column":23},"end":{"line":265,"column":29}},"loc":{"start":{"line":265,"column":41},"end":{"line":265,"column":59}},"line":265},"10":{"name":"(anonymous_10)","decl":{"start":{"line":280,"column":20},"end":{"line":280,"column":26}},"loc":{"start":{"line":280,"column":38},"end":{"line":280,"column":56}},"line":280},"11":{"name":"(anonymous_11)","decl":{"start":{"line":290,"column":17},"end":{"line":290,"column":23}},"loc":{"start":{"line":290,"column":34},"end":{"line":290,"column":56}},"line":290},"12":{"name":"snapshotHasLabel","decl":{"start":{"line":353,"column":9},"end":{"line":353,"column":null}},"loc":{"start":{"line":357,"column":11},"end":{"line":369,"column":null}},"line":357},"13":{"name":"(anonymous_13)","decl":{"start":{"line":365,"column":13},"end":{"line":365,"column":19}},"loc":{"start":{"line":365,"column":25},"end":{"line":365,"column":56}},"line":365},"14":{"name":"toAsyncJsonScript","decl":{"start":{"line":372,"column":9},"end":{"line":372,"column":27}},"loc":{"start":{"line":372,"column":55},"end":{"line":373,"column":null}},"line":372}},"branchMap":{"0":{"loc":{"start":{"line":25,"column":25},"end":{"line":25,"column":null}},"type":"binary-expr","locations":[{"start":{"line":25,"column":25},"end":{"line":25,"column":51}},{"start":{"line":25,"column":51},"end":{"line":25,"column":null}}],"line":25},"1":{"loc":{"start":{"line":26,"column":59},"end":{"line":26,"column":null}},"type":"cond-expr","locations":[{"start":{"line":26,"column":91},"end":{"line":26,"column":108}},{"start":{"line":26,"column":108},"end":{"line":26,"column":null}}],"line":26},"2":{"loc":{"start":{"line":27,"column":26},"end":{"line":27,"column":118}},"type":"binary-expr","locations":[{"start":{"line":27,"column":26},"end":{"line":27,"column":57}},{"start":{"line":27,"column":57},"end":{"line":27,"column":116}},{"start":{"line":27,"column":116},"end":{"line":27,"column":118}}],"line":27},"3":{"loc":{"start":{"line":28,"column":22},"end":{"line":28,"column":106}},"type":"binary-expr","locations":[{"start":{"line":28,"column":22},"end":{"line":28,"column":49}},{"start":{"line":28,"column":49},"end":{"line":28,"column":104}},{"start":{"line":28,"column":104},"end":{"line":28,"column":106}}],"line":28},"4":{"loc":{"start":{"line":31,"column":26},"end":{"line":31,"column":110}},"type":"binary-expr","locations":[{"start":{"line":31,"column":26},"end":{"line":31,"column":53}},{"start":{"line":31,"column":53},"end":{"line":31,"column":108}},{"start":{"line":31,"column":108},"end":{"line":31,"column":110}}],"line":31},"5":{"loc":{"start":{"line":144,"column":11},"end":{"line":144,"column":null}},"type":"cond-expr","locations":[{"start":{"line":144,"column":37},"end":{"line":144,"column":52}},{"start":{"line":144,"column":55},"end":{"line":144,"column":null}}],"line":144},"6":{"loc":{"start":{"line":149,"column":1},"end":{"line":159,"column":null}},"type":"if","locations":[{"start":{"line":149,"column":1},"end":{"line":159,"column":null}},{"start":{},"end":{}}],"line":149},"7":{"loc":{"start":{"line":149,"column":5},"end":{"line":149,"column":44}},"type":"binary-expr","locations":[{"start":{"line":149,"column":5},"end":{"line":149,"column":16}},{"start":{"line":149,"column":16},"end":{"line":149,"column":44}}],"line":149},"8":{"loc":{"start":{"line":165,"column":10},"end":{"line":165,"column":null}},"type":"cond-expr","locations":[{"start":{"line":165,"column":41},"end":{"line":165,"column":52}},{"start":{"line":165,"column":52},"end":{"line":165,"column":null}}],"line":165},"9":{"loc":{"start":{"line":166,"column":11},"end":{"line":166,"column":null}},"type":"cond-expr","locations":[{"start":{"line":166,"column":43},"end":{"line":166,"column":55}},{"start":{"line":166,"column":55},"end":{"line":166,"column":null}}],"line":166},"10":{"loc":{"start":{"line":169,"column":9},"end":{"line":169,"column":null}},"type":"cond-expr","locations":[{"start":{"line":169,"column":39},"end":{"line":169,"column":49}},{"start":{"line":169,"column":49},"end":{"line":169,"column":null}}],"line":169},"11":{"loc":{"start":{"line":170,"column":12},"end":{"line":170,"column":55}},"type":"cond-expr","locations":[{"start":{"line":170,"column":40},"end":{"line":170,"column":53}},{"start":{"line":170,"column":53},"end":{"line":170,"column":55}}],"line":170},"12":{"loc":{"start":{"line":188,"column":11},"end":{"line":188,"column":null}},"type":"cond-expr","locations":[{"start":{"line":188,"column":37},"end":{"line":188,"column":52}},{"start":{"line":188,"column":55},"end":{"line":188,"column":null}}],"line":188},"13":{"loc":{"start":{"line":193,"column":1},"end":{"line":203,"column":null}},"type":"if","locations":[{"start":{"line":193,"column":1},"end":{"line":203,"column":null}},{"start":{},"end":{}}],"line":193},"14":{"loc":{"start":{"line":193,"column":5},"end":{"line":193,"column":44}},"type":"binary-expr","locations":[{"start":{"line":193,"column":5},"end":{"line":193,"column":16}},{"start":{"line":193,"column":16},"end":{"line":193,"column":44}}],"line":193},"15":{"loc":{"start":{"line":209,"column":10},"end":{"line":209,"column":null}},"type":"cond-expr","locations":[{"start":{"line":209,"column":41},"end":{"line":209,"column":52}},{"start":{"line":209,"column":52},"end":{"line":209,"column":null}}],"line":209},"16":{"loc":{"start":{"line":210,"column":11},"end":{"line":210,"column":null}},"type":"cond-expr","locations":[{"start":{"line":210,"column":43},"end":{"line":210,"column":55}},{"start":{"line":210,"column":55},"end":{"line":210,"column":null}}],"line":210},"17":{"loc":{"start":{"line":213,"column":9},"end":{"line":213,"column":null}},"type":"cond-expr","locations":[{"start":{"line":213,"column":39},"end":{"line":213,"column":49}},{"start":{"line":213,"column":49},"end":{"line":213,"column":null}}],"line":213},"18":{"loc":{"start":{"line":214,"column":12},"end":{"line":214,"column":55}},"type":"cond-expr","locations":[{"start":{"line":214,"column":40},"end":{"line":214,"column":53}},{"start":{"line":214,"column":53},"end":{"line":214,"column":55}}],"line":214},"19":{"loc":{"start":{"line":265,"column":1},"end":{"line":269,"column":null}},"type":"if","locations":[{"start":{"line":265,"column":1},"end":{"line":269,"column":null}},{"start":{},"end":{}}],"line":265},"20":{"loc":{"start":{"line":280,"column":1},"end":{"line":284,"column":null}},"type":"if","locations":[{"start":{"line":280,"column":1},"end":{"line":284,"column":null}},{"start":{},"end":{}}],"line":280},"21":{"loc":{"start":{"line":289,"column":2},"end":{"line":290,"column":57}},"type":"binary-expr","locations":[{"start":{"line":289,"column":2},"end":{"line":289,"column":null}},{"start":{"line":290,"column":2},"end":{"line":290,"column":57}}],"line":289},"22":{"loc":{"start":{"line":291,"column":20},"end":{"line":291,"column":69}},"type":"binary-expr","locations":[{"start":{"line":291,"column":20},"end":{"line":291,"column":47}},{"start":{"line":291,"column":47},"end":{"line":291,"column":69}}],"line":291},"23":{"loc":{"start":{"line":303,"column":2},"end":{"line":304,"column":61}},"type":"binary-expr","locations":[{"start":{"line":303,"column":2},"end":{"line":303,"column":68}},{"start":{"line":304,"column":2},"end":{"line":304,"column":61}}],"line":303},"24":{"loc":{"start":{"line":306,"column":1},"end":{"line":310,"column":null}},"type":"if","locations":[{"start":{"line":306,"column":1},"end":{"line":310,"column":null}},{"start":{},"end":{}}],"line":306},"25":{"loc":{"start":{"line":306,"column":5},"end":{"line":306,"column":53}},"type":"binary-expr","locations":[{"start":{"line":306,"column":5},"end":{"line":306,"column":30}},{"start":{"line":306,"column":30},"end":{"line":306,"column":53}}],"line":306},"26":{"loc":{"start":{"line":313,"column":1},"end":{"line":324,"column":null}},"type":"if","locations":[{"start":{"line":313,"column":1},"end":{"line":324,"column":null}},{"start":{},"end":{}}],"line":313},"27":{"loc":{"start":{"line":313,"column":5},"end":{"line":313,"column":38}},"type":"binary-expr","locations":[{"start":{"line":313,"column":5},"end":{"line":313,"column":19}},{"start":{"line":313,"column":19},"end":{"line":313,"column":38}}],"line":313},"28":{"loc":{"start":{"line":314,"column":2},"end":{"line":319,"column":null}},"type":"if","locations":[{"start":{"line":314,"column":2},"end":{"line":319,"column":null}},{"start":{},"end":{}}],"line":314},"29":{"loc":{"start":{"line":314,"column":6},"end":{"line":314,"column":47}},"type":"binary-expr","locations":[{"start":{"line":314,"column":6},"end":{"line":314,"column":26}},{"start":{"line":314,"column":26},"end":{"line":314,"column":47}}],"line":314},"30":{"loc":{"start":{"line":327,"column":1},"end":{"line":344,"column":null}},"type":"if","locations":[{"start":{"line":327,"column":1},"end":{"line":344,"column":null}},{"start":{},"end":{}}],"line":327},"31":{"loc":{"start":{"line":328,"column":2},"end":{"line":332,"column":null}},"type":"binary-expr","locations":[{"start":{"line":328,"column":2},"end":{"line":328,"column":null}},{"start":{"line":329,"column":2},"end":{"line":329,"column":null}},{"start":{"line":330,"column":2},"end":{"line":330,"column":null}},{"start":{"line":331,"column":2},"end":{"line":331,"column":null}},{"start":{"line":332,"column":2},"end":{"line":332,"column":null}}],"line":328},"32":{"loc":{"start":{"line":334,"column":2},"end":{"line":339,"column":null}},"type":"if","locations":[{"start":{"line":334,"column":2},"end":{"line":339,"column":null}},{"start":{},"end":{}}],"line":334},"33":{"loc":{"start":{"line":334,"column":6},"end":{"line":334,"column":71}},"type":"binary-expr","locations":[{"start":{"line":334,"column":6},"end":{"line":334,"column":29}},{"start":{"line":334,"column":29},"end":{"line":334,"column":49}},{"start":{"line":334,"column":49},"end":{"line":334,"column":71}}],"line":334},"34":{"loc":{"start":{"line":347,"column":1},"end":{"line":348,"column":null}},"type":"if","locations":[{"start":{"line":347,"column":1},"end":{"line":348,"column":null}},{"start":{},"end":{}}],"line":347},"35":{"loc":{"start":{"line":347,"column":5},"end":{"line":347,"column":30}},"type":"binary-expr","locations":[{"start":{"line":347,"column":5},"end":{"line":347,"column":12}},{"start":{"line":347,"column":12},"end":{"line":347,"column":30}}],"line":347},"36":{"loc":{"start":{"line":360,"column":18},"end":{"line":360,"column":77}},"type":"binary-expr","locations":[{"start":{"line":360,"column":18},"end":{"line":360,"column":46}},{"start":{"line":360,"column":50},"end":{"line":360,"column":77}}],"line":360},"37":{"loc":{"start":{"line":361,"column":2},"end":{"line":361,"column":null}},"type":"if","locations":[{"start":{"line":361,"column":2},"end":{"line":361,"column":null}},{"start":{},"end":{}}],"line":361},"38":{"loc":{"start":{"line":363,"column":2},"end":{"line":363,"column":null}},"type":"if","locations":[{"start":{"line":363,"column":2},"end":{"line":363,"column":null}},{"start":{},"end":{}}],"line":363},"39":{"loc":{"start":{"line":365,"column":2},"end":{"line":366,"column":null}},"type":"if","locations":[{"start":{"line":365,"column":2},"end":{"line":366,"column":null}},{"start":{},"end":{}}],"line":365}},"s":{"0":3,"1":3,"2":3,"3":3,"4":3,"5":3,"6":3,"7":6,"8":3,"9":6,"10":3,"11":3,"12":15,"13":0,"14":0,"15":0,"16":0,"17":0,"18":0,"19":0,"20":0,"21":0,"22":0,"23":0,"24":0,"25":0,"26":0,"27":0,"28":0,"29":0,"30":0,"31":0,"32":0,"33":0,"34":11,"35":11,"36":11,"37":11,"38":56,"39":2,"40":9,"41":9,"42":37,"43":2,"44":7,"45":7,"46":8,"47":11,"48":11,"49":11,"50":11,"51":11,"52":2,"53":5,"54":3,"55":2,"56":1,"57":2,"58":0,"59":0,"60":0,"61":2,"62":1,"63":1,"64":21,"65":21,"66":51,"67":51,"68":43,"69":8,"70":8,"71":0,"72":8,"73":8,"74":28,"75":0,"76":21,"77":3},"f":{"0":3,"1":3,"2":6,"3":6,"4":15,"5":0,"6":0,"7":0,"8":11,"9":56,"10":37,"11":8,"12":21,"13":28,"14":3},"b":{"0":[3,0],"1":[3,0],"2":[3,0,0],"3":[3,0,0],"4":[3,0,0],"5":[0,0],"6":[0,0],"7":[0,0],"8":[0,0],"9":[0,0],"10":[0,0],"11":[0,0],"12":[0,0],"13":[0,0],"14":[0,0],"15":[0,0],"16":[0,0],"17":[0,0],"18":[0,0],"19":[2,9],"20":[2,7],"21":[7,7],"22":[11,7],"23":[11,7],"24":[2,9],"25":[11,6],"26":[3,2],"27":[5,2],"28":[2,1],"29":[3,2],"30":[0,2],"31":[2,1,0,0,0],"32":[0,0],"33":[0,0,0],"34":[1,1],"35":[2,2],"36":[51,43],"37":[43,8],"38":[0,8],"39":[0,8]},"meta":{"lastBranch":40,"lastFunction":15,"lastStatement":78,"seen":{"s:6:68:13:Infinity":0,"f:16:16:16:38":0,"s:17:1:17:Infinity":1,"f:24:16:24:41":1,"s:25:25:25:Infinity":2,"b:25:25:25:51:25:51:25:Infinity":0,"s:26:20:26:Infinity":3,"b:26:91:26:108:26:108:26:Infinity":1,"s:27:26:27:118":4,"b:27:26:27:57:27:57:27:116:27:116:27:118":2,"s:28:22:28:106":5,"b:28:22:28:49:28:49:28:104:28:104:28:106":3,"s:29:23:29:68":6,"f:29:40:29:44":2,"s:29:49:29:58":7,"s:30:19:30:60":8,"f:30:32:30:36":3,"s:30:41:30:50":9,"s:31:26:31:110":10,"b:31:26:31:53:31:53:31:108:31:108:31:110":4,"s:32:1:115:Infinity":11,"f:57:28:57:32":4,"s:57:35:57:44":12,"f:138:22:138:33":5,"s:139:16:139:83":13,"s:140:13:140:37":14,"s:142:19:142:Infinity":15,"s:143:1:146:Infinity":16,"s:144:2:144:Infinity":17,"b:144:37:144:52:144:55:144:Infinity":5,"s:146:2:146:Infinity":18,"b:149:1:159:Infinity:undefined:undefined:undefined:undefined":6,"s:149:1:159:Infinity":19,"b:149:5:149:16:149:16:149:44":7,"s:150:2:159:Infinity":20,"s:162:11:162:Infinity":21,"s:163:1:173:Infinity":22,"b:165:41:165:52:165:52:165:Infinity":8,"b:166:43:166:55:166:55:166:Infinity":9,"b:169:39:169:49:169:49:169:Infinity":10,"b:170:40:170:53:170:53:170:55":11,"f:179:22:179:Infinity":6,"s:183:16:183:55":23,"s:184:13:184:37":24,"s:186:19:186:Infinity":25,"s:187:1:190:Infinity":26,"s:188:2:188:Infinity":27,"b:188:37:188:52:188:55:188:Infinity":12,"s:190:2:190:Infinity":28,"b:193:1:203:Infinity:undefined:undefined:undefined:undefined":13,"s:193:1:203:Infinity":29,"b:193:5:193:16:193:16:193:44":14,"s:194:2:203:Infinity":30,"s:206:11:206:Infinity":31,"s:207:1:217:Infinity":32,"b:209:41:209:52:209:52:209:Infinity":15,"b:210:43:210:55:210:55:210:Infinity":16,"b:213:39:213:49:213:49:213:Infinity":17,"b:214:40:214:53:214:53:214:55":18,"f:223:22:223:40":7,"s:224:1:224:Infinity":33,"f:246:16:246:33":8,"s:253:49:253:Infinity":34,"s:254:14:254:Infinity":35,"s:257:27:264:Infinity":36,"b:265:1:269:Infinity:undefined:undefined:undefined:undefined":19,"s:265:1:269:Infinity":37,"f:265:23:265:29":9,"s:265:41:265:59":38,"s:266:2:269:Infinity":39,"s:273:24:279:Infinity":40,"b:280:1:284:Infinity:undefined:undefined:undefined:undefined":20,"s:280:1:284:Infinity":41,"f:280:20:280:26":10,"s:280:38:280:56":42,"s:281:2:284:Infinity":43,"s:287:24:287:76":44,"s:289:2:290:57":45,"b:289:2:289:Infinity:290:2:290:57":21,"f:290:17:290:23":11,"s:290:34:290:56":46,"s:291:20:291:69":47,"b:291:20:291:47:291:47:291:69":22,"s:292:21:295:Infinity":48,"s:297:21:300:Infinity":49,"s:303:2:304:61":50,"b:303:2:303:68:304:2:304:61":23,"b:306:1:310:Infinity:undefined:undefined:undefined:undefined":24,"s:306:1:310:Infinity":51,"b:306:5:306:30:306:30:306:53":25,"s:307:2:310:Infinity":52,"b:313:1:324:Infinity:undefined:undefined:undefined:undefined":26,"s:313:1:324:Infinity":53,"b:313:5:313:19:313:19:313:38":27,"b:314:2:319:Infinity:undefined:undefined:undefined:undefined":28,"s:314:2:319:Infinity":54,"b:314:6:314:26:314:26:314:47":29,"s:315:3:319:Infinity":55,"s:321:2:324:Infinity":56,"b:327:1:344:Infinity:undefined:undefined:undefined:undefined":30,"s:327:1:344:Infinity":57,"b:328:2:328:Infinity:329:2:329:Infinity:330:2:330:Infinity:331:2:331:Infinity:332:2:332:Infinity":31,"b:334:2:339:Infinity:undefined:undefined:undefined:undefined":32,"s:334:2:339:Infinity":58,"b:334:6:334:29:334:29:334:49:334:49:334:71":33,"s:335:3:339:Infinity":59,"s:341:2:344:Infinity":60,"b:347:1:348:Infinity:undefined:undefined:undefined:undefined":34,"s:347:1:348:Infinity":61,"b:347:5:347:12:347:12:347:30":35,"s:348:2:348:Infinity":62,"s:351:1:351:Infinity":63,"f:353:9:353:Infinity":12,"s:358:17:358:37":64,"s:359:1:366:Infinity":65,"s:360:18:360:77":66,"b:360:18:360:46:360:50:360:77":36,"b:361:2:361:Infinity:undefined:undefined:undefined:undefined":37,"s:361:2:361:Infinity":67,"s:361:16:361:Infinity":68,"s:362:21:362:45":69,"b:363:2:363:Infinity:undefined:undefined:undefined:undefined":38,"s:363:2:363:Infinity":70,"s:363:19:363:Infinity":71,"s:364:16:364:43":72,"b:365:2:366:Infinity:undefined:undefined:undefined:undefined":39,"s:365:2:366:Infinity":73,"f:365:13:365:19":13,"s:365:25:365:56":74,"s:366:3:366:Infinity":75,"s:369:1:369:Infinity":76,"f:372:9:372:27":14,"s:373:1:373:Infinity":77}}}
,"/home/agaibor/code/pi-oracle/extensions/oracle/shared/snapshot-utils.ts": {"path":"/home/agaibor/code/pi-oracle/extensions/oracle/shared/snapshot-utils.ts","statementMap":{"0":{"start":{"line":20,"column":1},"end":{"line":40,"column":null}},"1":{"start":{"line":23,"column":20},"end":{"line":23,"column":54}},"2":{"start":{"line":24,"column":3},"end":{"line":24,"column":null}},"3":{"start":{"line":24,"column":18},"end":{"line":24,"column":null}},"4":{"start":{"line":26,"column":21},"end":{"line":26,"column":51}},"5":{"start":{"line":27,"column":23},"end":{"line":27,"column":46}},"6":{"start":{"line":28,"column":22},"end":{"line":28,"column":45}},"7":{"start":{"line":30,"column":3},"end":{"line":38,"column":null}},"8":{"start":{"line":50,"column":1},"end":{"line":50,"column":null}},"9":{"start":{"line":60,"column":17},"end":{"line":60,"column":47}},"10":{"start":{"line":61,"column":1},"end":{"line":62,"column":null}},"11":{"start":{"line":61,"column":18},"end":{"line":61,"column":38}},"12":{"start":{"line":62,"column":2},"end":{"line":62,"column":null}},"13":{"start":{"line":62,"column":33},"end":{"line":62,"column":null}},"14":{"start":{"line":64,"column":1},"end":{"line":64,"column":null}},"15":{"start":{"line":74,"column":1},"end":{"line":74,"column":null}},"16":{"start":{"line":74,"column":14},"end":{"line":74,"column":null}},"17":{"start":{"line":75,"column":20},"end":{"line":75,"column":47}},"18":{"start":{"line":76,"column":1},"end":{"line":76,"column":null}},"19":{"start":{"line":76,"column":31},"end":{"line":76,"column":67}},"20":{"start":{"line":86,"column":1},"end":{"line":86,"column":null}},"21":{"start":{"line":86,"column":30},"end":{"line":86,"column":46}},"22":{"start":{"line":98,"column":1},"end":{"line":100,"column":null}},"23":{"start":{"line":99,"column":9},"end":{"line":99,"column":null}},"24":{"start":{"line":110,"column":1},"end":{"line":110,"column":null}},"25":{"start":{"line":110,"column":30},"end":{"line":110,"column":59}},"26":{"start":{"line":119,"column":1},"end":{"line":119,"column":null}},"27":{"start":{"line":119,"column":30},"end":{"line":119,"column":42}},"28":{"start":{"line":126,"column":1},"end":{"line":126,"column":null}},"29":{"start":{"line":126,"column":53},"end":{"line":126,"column":73}},"30":{"start":{"line":133,"column":1},"end":{"line":133,"column":null}},"31":{"start":{"line":133,"column":53},"end":{"line":133,"column":71}},"32":{"start":{"line":140,"column":1},"end":{"line":140,"column":null}},"33":{"start":{"line":140,"column":53},"end":{"line":140,"column":74}}},"fnMap":{"0":{"name":"parseSnapshotEntries","decl":{"start":{"line":19,"column":16},"end":{"line":19,"column":37}},"loc":{"start":{"line":19,"column":78},"end":{"line":40,"column":null}},"line":19},"1":{"name":"(anonymous_1)","decl":{"start":{"line":22,"column":3},"end":{"line":22,"column":8}},"loc":{"start":{"line":22,"column":17},"end":{"line":39,"column":null}},"line":22},"2":{"name":"findEntry","decl":{"start":{"line":46,"column":16},"end":{"line":46,"column":null}},"loc":{"start":{"line":49,"column":35},"end":{"line":50,"column":null}},"line":49},"3":{"name":"findLastEntry","decl":{"start":{"line":56,"column":16},"end":{"line":56,"column":null}},"loc":{"start":{"line":59,"column":35},"end":{"line":64,"column":null}},"line":59},"4":{"name":"labelMatches","decl":{"start":{"line":70,"column":16},"end":{"line":70,"column":null}},"loc":{"start":{"line":73,"column":11},"end":{"line":76,"column":null}},"line":73},"5":{"name":"(anonymous_5)","decl":{"start":{"line":76,"column":19},"end":{"line":76,"column":25}},"loc":{"start":{"line":76,"column":31},"end":{"line":76,"column":67}},"line":76},"6":{"name":"filterByKind","decl":{"start":{"line":82,"column":16},"end":{"line":82,"column":null}},"loc":{"start":{"line":85,"column":25},"end":{"line":86,"column":null}},"line":85},"7":{"name":"(anonymous_7)","decl":{"start":{"line":86,"column":16},"end":{"line":86,"column":24}},"loc":{"start":{"line":86,"column":30},"end":{"line":86,"column":46}},"line":86},"8":{"name":"findLabeledEntry","decl":{"start":{"line":93,"column":16},"end":{"line":93,"column":null}},"loc":{"start":{"line":97,"column":35},"end":{"line":100,"column":null}},"line":97},"9":{"name":"(anonymous_9)","decl":{"start":{"line":98,"column":16},"end":{"line":98,"column":null}},"loc":{"start":{"line":99,"column":9},"end":{"line":99,"column":null}},"line":99},"10":{"name":"filterByLabel","decl":{"start":{"line":106,"column":16},"end":{"line":106,"column":null}},"loc":{"start":{"line":109,"column":25},"end":{"line":110,"column":null}},"line":109},"11":{"name":"(anonymous_11)","decl":{"start":{"line":110,"column":16},"end":{"line":110,"column":24}},"loc":{"start":{"line":110,"column":30},"end":{"line":110,"column":59}},"line":110},"12":{"name":"enabledEntries","decl":{"start":{"line":116,"column":16},"end":{"line":116,"column":null}},"loc":{"start":{"line":118,"column":25},"end":{"line":119,"column":null}},"line":118},"13":{"name":"(anonymous_13)","decl":{"start":{"line":119,"column":16},"end":{"line":119,"column":24}},"loc":{"start":{"line":119,"column":30},"end":{"line":119,"column":42}},"line":119},"14":{"name":"findButtons","decl":{"start":{"line":125,"column":16},"end":{"line":125,"column":28}},"loc":{"start":{"line":125,"column":69},"end":{"line":126,"column":null}},"line":125},"15":{"name":"(anonymous_15)","decl":{"start":{"line":126,"column":39},"end":{"line":126,"column":47}},"loc":{"start":{"line":126,"column":53},"end":{"line":126,"column":73}},"line":126},"16":{"name":"findLinks","decl":{"start":{"line":132,"column":16},"end":{"line":132,"column":26}},"loc":{"start":{"line":132,"column":67},"end":{"line":133,"column":null}},"line":132},"17":{"name":"(anonymous_17)","decl":{"start":{"line":133,"column":39},"end":{"line":133,"column":47}},"loc":{"start":{"line":133,"column":53},"end":{"line":133,"column":71}},"line":133},"18":{"name":"findTextboxes","decl":{"start":{"line":139,"column":16},"end":{"line":139,"column":30}},"loc":{"start":{"line":139,"column":71},"end":{"line":140,"column":null}},"line":139},"19":{"name":"(anonymous_19)","decl":{"start":{"line":140,"column":39},"end":{"line":140,"column":47}},"loc":{"start":{"line":140,"column":53},"end":{"line":140,"column":74}},"line":140}},"branchMap":{"0":{"loc":{"start":{"line":24,"column":3},"end":{"line":24,"column":null}},"type":"if","locations":[{"start":{"line":24,"column":3},"end":{"line":24,"column":null}},{"start":{},"end":{}}],"line":24},"1":{"loc":{"start":{"line":32,"column":9},"end":{"line":32,"column":null}},"type":"cond-expr","locations":[{"start":{"line":32,"column":39},"end":{"line":32,"column":53}},{"start":{"line":32,"column":53},"end":{"line":32,"column":null}}],"line":32},"2":{"loc":{"start":{"line":33,"column":10},"end":{"line":33,"column":null}},"type":"cond-expr","locations":[{"start":{"line":33,"column":22},"end":{"line":33,"column":37}},{"start":{"line":33,"column":37},"end":{"line":33,"column":null}}],"line":33},"3":{"loc":{"start":{"line":34,"column":11},"end":{"line":34,"column":null}},"type":"cond-expr","locations":[{"start":{"line":34,"column":25},"end":{"line":34,"column":42}},{"start":{"line":34,"column":42},"end":{"line":34,"column":null}}],"line":34},"4":{"loc":{"start":{"line":35,"column":11},"end":{"line":35,"column":null}},"type":"cond-expr","locations":[{"start":{"line":35,"column":24},"end":{"line":35,"column":44}},{"start":{"line":35,"column":47},"end":{"line":35,"column":null}}],"line":35},"5":{"loc":{"start":{"line":62,"column":2},"end":{"line":62,"column":null}},"type":"if","locations":[{"start":{"line":62,"column":2},"end":{"line":62,"column":null}},{"start":{},"end":{}}],"line":62},"6":{"loc":{"start":{"line":74,"column":1},"end":{"line":74,"column":null}},"type":"if","locations":[{"start":{"line":74,"column":1},"end":{"line":74,"column":null}},{"start":{},"end":{}}],"line":74},"7":{"loc":{"start":{"line":99,"column":9},"end":{"line":99,"column":null}},"type":"binary-expr","locations":[{"start":{"line":99,"column":9},"end":{"line":99,"column":28}},{"start":{"line":99,"column":28},"end":{"line":99,"column":57}},{"start":{"line":99,"column":61},"end":{"line":99,"column":null}}],"line":99}},"s":{"0":58,"1":222,"2":222,"3":26,"4":196,"5":196,"6":196,"7":196,"8":8,"9":2,"10":2,"11":2,"12":2,"13":1,"14":1,"15":58,"16":2,"17":56,"18":56,"19":190,"20":1,"21":3,"22":9,"23":17,"24":1,"25":2,"26":1,"27":2,"28":1,"29":3,"30":1,"31":3,"32":1,"33":2},"f":{"0":58,"1":222,"2":8,"3":2,"4":58,"5":190,"6":1,"7":3,"8":9,"9":17,"10":1,"11":2,"12":1,"13":2,"14":1,"15":3,"16":1,"17":3,"18":1,"19":2},"b":{"0":[26,196],"1":[1,195],"2":[195,1],"3":[189,7],"4":[1,195],"5":[1,1],"6":[2,56],"7":[17,9,5]},"meta":{"lastBranch":8,"lastFunction":20,"lastStatement":34,"seen":{"f:19:16:19:37":0,"s:20:1:40:Infinity":0,"f:22:3:22:8":1,"s:23:20:23:54":1,"b:24:3:24:Infinity:undefined:undefined:undefined:undefined":0,"s:24:3:24:Infinity":2,"s:24:18:24:Infinity":3,"s:26:21:26:51":4,"s:27:23:27:46":5,"s:28:22:28:45":6,"s:30:3:38:Infinity":7,"b:32:39:32:53:32:53:32:Infinity":1,"b:33:22:33:37:33:37:33:Infinity":2,"b:34:25:34:42:34:42:34:Infinity":3,"b:35:24:35:44:35:47:35:Infinity":4,"f:46:16:46:Infinity":2,"s:50:1:50:Infinity":8,"f:56:16:56:Infinity":3,"s:60:17:60:47":9,"s:61:1:62:Infinity":10,"s:61:18:61:38":11,"b:62:2:62:Infinity:undefined:undefined:undefined:undefined":5,"s:62:2:62:Infinity":12,"s:62:33:62:Infinity":13,"s:64:1:64:Infinity":14,"f:70:16:70:Infinity":4,"b:74:1:74:Infinity:undefined:undefined:undefined:undefined":6,"s:74:1:74:Infinity":15,"s:74:14:74:Infinity":16,"s:75:20:75:47":17,"s:76:1:76:Infinity":18,"f:76:19:76:25":5,"s:76:31:76:67":19,"f:82:16:82:Infinity":6,"s:86:1:86:Infinity":20,"f:86:16:86:24":7,"s:86:30:86:46":21,"f:93:16:93:Infinity":8,"s:98:1:100:Infinity":22,"f:98:16:98:Infinity":9,"s:99:9:99:Infinity":23,"b:99:9:99:28:99:28:99:57:99:61:99:Infinity":7,"f:106:16:106:Infinity":10,"s:110:1:110:Infinity":24,"f:110:16:110:24":11,"s:110:30:110:59":25,"f:116:16:116:Infinity":12,"s:119:1:119:Infinity":26,"f:119:16:119:24":13,"s:119:30:119:42":27,"f:125:16:125:28":14,"s:126:1:126:Infinity":28,"f:126:39:126:47":15,"s:126:53:126:73":29,"f:132:16:132:26":16,"s:133:1:133:Infinity":30,"f:133:39:133:47":17,"s:133:53:133:71":31,"f:139:16:139:30":18,"s:140:1:140:Infinity":32,"f:140:39:140:47":19,"s:140:53:140:74":33}}}
,"/home/agaibor/code/pi-oracle/extensions/oracle/shared/spawn-utils.ts": {"path":"/home/agaibor/code/pi-oracle/extensions/oracle/shared/spawn-utils.ts","statementMap":{"0":{"start":{"line":16,"column":1},"end":{"line":66,"column":null}},"1":{"start":{"line":17,"column":41},"end":{"line":17,"column":null}},"2":{"start":{"line":18,"column":8},"end":{"line":21,"column":4}},"3":{"start":{"line":22,"column":15},"end":{"line":22,"column":null}},"4":{"start":{"line":23,"column":15},"end":{"line":23,"column":null}},"5":{"start":{"line":24,"column":17},"end":{"line":24,"column":null}},"6":{"start":{"line":26,"column":2},"end":{"line":32,"column":null}},"7":{"start":{"line":27,"column":3},"end":{"line":31,"column":null}},"8":{"start":{"line":28,"column":4},"end":{"line":28,"column":null}},"9":{"start":{"line":29,"column":4},"end":{"line":29,"column":null}},"10":{"start":{"line":30,"column":4},"end":{"line":30,"column":null}},"11":{"start":{"line":30,"column":21},"end":{"line":30,"column":42}},"12":{"start":{"line":32,"column":3},"end":{"line":32,"column":null}},"13":{"start":{"line":34,"column":2},"end":{"line":35,"column":null}},"14":{"start":{"line":34,"column":21},"end":{"line":34,"column":null}},"15":{"start":{"line":35,"column":7},"end":{"line":35,"column":null}},"16":{"start":{"line":36,"column":2},"end":{"line":38,"column":null}},"17":{"start":{"line":37,"column":3},"end":{"line":37,"column":null}},"18":{"start":{"line":39,"column":2},"end":{"line":41,"column":null}},"19":{"start":{"line":40,"column":3},"end":{"line":40,"column":null}},"20":{"start":{"line":42,"column":2},"end":{"line":61,"column":null}},"21":{"start":{"line":43,"column":3},"end":{"line":43,"column":null}},"22":{"start":{"line":43,"column":18},"end":{"line":43,"column":null}},"23":{"start":{"line":44,"column":3},"end":{"line":51,"column":null}},"24":{"start":{"line":45,"column":18},"end":{"line":46,"column":null}},"25":{"start":{"line":48,"column":4},"end":{"line":50,"column":null}},"26":{"start":{"line":49,"column":5},"end":{"line":49,"column":null}},"27":{"start":{"line":50,"column":9},"end":{"line":50,"column":null}},"28":{"start":{"line":51,"column":4},"end":{"line":51,"column":null}},"29":{"start":{"line":53,"column":3},"end":{"line":60,"column":null}},"30":{"start":{"line":54,"column":4},"end":{"line":54,"column":null}},"31":{"start":{"line":56,"column":4},"end":{"line":60,"column":null}},"32":{"start":{"line":62,"column":2},"end":{"line":65,"column":null}},"33":{"start":{"line":63,"column":3},"end":{"line":63,"column":null}},"34":{"start":{"line":63,"column":18},"end":{"line":63,"column":null}},"35":{"start":{"line":64,"column":3},"end":{"line":64,"column":null}}},"fnMap":{"0":{"name":"spawnCommand","decl":{"start":{"line":11,"column":16},"end":{"line":11,"column":null}},"loc":{"start":{"line":15,"column":61},"end":{"line":66,"column":null}},"line":15},"1":{"name":"(anonymous_1)","decl":{"start":{"line":16,"column":12},"end":{"line":16,"column":21}},"loc":{"start":{"line":16,"column":41},"end":{"line":66,"column":null}},"line":16},"2":{"name":"(anonymous_2)","decl":{"start":{"line":27,"column":15},"end":{"line":27,"column":32}},"loc":{"start":{"line":27,"column":32},"end":{"line":31,"column":16}},"line":27},"3":{"name":"(anonymous_3)","decl":{"start":{"line":30,"column":4},"end":{"line":30,"column":21}},"loc":{"start":{"line":30,"column":21},"end":{"line":30,"column":42}},"line":30},"4":{"name":"(anonymous_4)","decl":{"start":{"line":36,"column":18},"end":{"line":36,"column":27}},"loc":{"start":{"line":36,"column":36},"end":{"line":38,"column":null}},"line":36},"5":{"name":"(anonymous_5)","decl":{"start":{"line":39,"column":18},"end":{"line":39,"column":27}},"loc":{"start":{"line":39,"column":36},"end":{"line":41,"column":null}},"line":39},"6":{"name":"(anonymous_6)","decl":{"start":{"line":42,"column":11},"end":{"line":42,"column":21}},"loc":{"start":{"line":42,"column":30},"end":{"line":61,"column":null}},"line":42},"7":{"name":"(anonymous_7)","decl":{"start":{"line":62,"column":11},"end":{"line":62,"column":21}},"loc":{"start":{"line":62,"column":31},"end":{"line":65,"column":null}},"line":62}},"branchMap":{"0":{"loc":{"start":{"line":14,"column":1},"end":{"line":14,"column":27}},"type":"default-arg","locations":[{"start":{"line":14,"column":25},"end":{"line":14,"column":27}}],"line":14},"1":{"loc":{"start":{"line":26,"column":2},"end":{"line":32,"column":null}},"type":"if","locations":[{"start":{"line":26,"column":2},"end":{"line":32,"column":null}},{"start":{},"end":{}}],"line":26},"2":{"loc":{"start":{"line":26,"column":6},"end":{"line":26,"column":54}},"type":"binary-expr","locations":[{"start":{"line":26,"column":6},"end":{"line":26,"column":39}},{"start":{"line":26,"column":39},"end":{"line":26,"column":54}}],"line":26},"3":{"loc":{"start":{"line":34,"column":2},"end":{"line":35,"column":null}},"type":"if","locations":[{"start":{"line":34,"column":2},"end":{"line":35,"column":null}},{"start":{"line":35,"column":7},"end":{"line":35,"column":null}}],"line":34},"4":{"loc":{"start":{"line":43,"column":3},"end":{"line":43,"column":null}},"type":"if","locations":[{"start":{"line":43,"column":3},"end":{"line":43,"column":null}},{"start":{},"end":{}}],"line":43},"5":{"loc":{"start":{"line":44,"column":3},"end":{"line":51,"column":null}},"type":"if","locations":[{"start":{"line":44,"column":3},"end":{"line":51,"column":null}},{"start":{},"end":{}}],"line":44},"6":{"loc":{"start":{"line":46,"column":5},"end":{"line":46,"column":null}},"type":"binary-expr","locations":[{"start":{"line":46,"column":5},"end":{"line":46,"column":15}},{"start":{"line":46,"column":15},"end":{"line":46,"column":25}},{"start":{"line":46,"column":25},"end":{"line":46,"column":null}}],"line":46},"7":{"loc":{"start":{"line":48,"column":4},"end":{"line":50,"column":null}},"type":"if","locations":[{"start":{"line":48,"column":4},"end":{"line":50,"column":null}},{"start":{"line":50,"column":9},"end":{"line":50,"column":null}}],"line":48},"8":{"loc":{"start":{"line":49,"column":21},"end":{"line":49,"column":33}},"type":"binary-expr","locations":[{"start":{"line":49,"column":21},"end":{"line":49,"column":29}},{"start":{"line":49,"column":29},"end":{"line":49,"column":33}}],"line":49},"9":{"loc":{"start":{"line":53,"column":3},"end":{"line":60,"column":null}},"type":"if","locations":[{"start":{"line":53,"column":3},"end":{"line":60,"column":null}},{"start":{"line":56,"column":4},"end":{"line":60,"column":null}}],"line":53},"10":{"loc":{"start":{"line":53,"column":7},"end":{"line":53,"column":null}},"type":"binary-expr","locations":[{"start":{"line":53,"column":7},"end":{"line":53,"column":21}},{"start":{"line":53,"column":21},"end":{"line":53,"column":null}}],"line":53},"11":{"loc":{"start":{"line":54,"column":20},"end":{"line":54,"column":31}},"type":"binary-expr","locations":[{"start":{"line":54,"column":20},"end":{"line":54,"column":28}},{"start":{"line":54,"column":28},"end":{"line":54,"column":31}}],"line":54},"12":{"loc":{"start":{"line":58,"column":6},"end":{"line":58,"column":null}},"type":"binary-expr","locations":[{"start":{"line":58,"column":6},"end":{"line":58,"column":16}},{"start":{"line":58,"column":16},"end":{"line":58,"column":26}},{"start":{"line":58,"column":26},"end":{"line":58,"column":null}}],"line":58},"13":{"loc":{"start":{"line":63,"column":3},"end":{"line":63,"column":null}},"type":"if","locations":[{"start":{"line":63,"column":3},"end":{"line":63,"column":null}},{"start":{},"end":{}}],"line":63}},"s":{"0":0,"1":0,"2":0,"3":0,"4":0,"5":0,"6":0,"7":0,"8":0,"9":0,"10":0,"11":0,"12":0,"13":0,"14":0,"15":0,"16":0,"17":0,"18":0,"19":0,"20":0,"21":0,"22":0,"23":0,"24":0,"25":0,"26":0,"27":0,"28":0,"29":0,"30":0,"31":0,"32":0,"33":0,"34":0,"35":0},"f":{"0":0,"1":0,"2":0,"3":0,"4":0,"5":0,"6":0,"7":0},"b":{"0":[0],"1":[0,0],"2":[0,0],"3":[0,0],"4":[0,0],"5":[0,0],"6":[0,0,0],"7":[0,0],"8":[0,0],"9":[0,0],"10":[0,0],"11":[0,0],"12":[0,0,0],"13":[0,0]},"meta":{"lastBranch":14,"lastFunction":8,"lastStatement":36,"seen":{"f:11:16:11:Infinity":0,"b:14:25:14:27":0,"s:16:1:66:Infinity":0,"f:16:12:16:21":1,"s:17:41:17:Infinity":1,"s:18:8:21:4":2,"s:22:15:22:Infinity":3,"s:23:15:23:Infinity":4,"s:24:17:24:Infinity":5,"b:26:2:32:Infinity:undefined:undefined:undefined:undefined":1,"s:26:2:32:Infinity":6,"b:26:6:26:39:26:39:26:54":2,"s:27:3:31:Infinity":7,"f:27:15:27:32":2,"s:28:4:28:Infinity":8,"s:29:4:29:Infinity":9,"s:30:4:30:Infinity":10,"f:30:4:30:21":3,"s:30:21:30:42":11,"s:32:3:32:Infinity":12,"b:34:2:35:Infinity:35:7:35:Infinity":3,"s:34:2:35:Infinity":13,"s:34:21:34:Infinity":14,"s:35:7:35:Infinity":15,"s:36:2:38:Infinity":16,"f:36:18:36:27":4,"s:37:3:37:Infinity":17,"s:39:2:41:Infinity":18,"f:39:18:39:27":5,"s:40:3:40:Infinity":19,"s:42:2:61:Infinity":20,"f:42:11:42:21":6,"b:43:3:43:Infinity:undefined:undefined:undefined:undefined":4,"s:43:3:43:Infinity":21,"s:43:18:43:Infinity":22,"b:44:3:51:Infinity:undefined:undefined:undefined:undefined":5,"s:44:3:51:Infinity":23,"s:45:18:46:Infinity":24,"b:46:5:46:15:46:15:46:25:46:25:46:Infinity":6,"b:48:4:50:Infinity:50:9:50:Infinity":7,"s:48:4:50:Infinity":25,"s:49:5:49:Infinity":26,"b:49:21:49:29:49:29:49:33":8,"s:50:9:50:Infinity":27,"s:51:4:51:Infinity":28,"b:53:3:60:Infinity:56:4:60:Infinity":9,"s:53:3:60:Infinity":29,"b:53:7:53:21:53:21:53:Infinity":10,"s:54:4:54:Infinity":30,"b:54:20:54:28:54:28:54:31":11,"s:56:4:60:Infinity":31,"b:58:6:58:16:58:16:58:26:58:26:58:Infinity":12,"s:62:2:65:Infinity":32,"f:62:11:62:21":7,"b:63:3:63:Infinity:undefined:undefined:undefined:undefined":13,"s:63:3:63:Infinity":33,"s:63:18:63:Infinity":34,"s:64:3:64:Infinity":35}}}
}
